digraph path {
	node [label="\N"];
	graph [bb="0,0,950,1260"];
	0 [pos="119,1241", width="0.75", height="0.52778"];
	2 [pos="491,865", width="0.75", height="0.52778"];
	6 [pos="419,959", width="0.75", height="0.52778"];
	14 [pos="486,395", width="0.75", height="0.52778"];
	13 [pos="577,301", width="0.75", height="0.52778"];
	15 [pos="468,489", width="0.75", height="0.52778"];
	12 [pos="710,19", width="0.75", height="0.52778"];
	11 [pos="402,583", width="0.75", height="0.52778"];
	10 [pos="413,113", width="0.75", height="0.52778"];
	9 [pos="758,207", width="0.75", height="0.52778"];
	8 [pos="806,113", width="0.75", height="0.52778"];
	5 [pos="338,1053", width="0.75", height="0.52778"];
	7 [pos="450,677", width="0.75", height="0.52778"];
	4 [pos="263,1147", width="0.75", height="0.52778"];
	1 [pos="142,771", width="0.75", height="0.52778"];
	3 [pos="512,771", width="0.75", height="0.52778"];
	5 -> 4 [label="  1.0", pos="e,267.25,1128.1 316.05,1064.3 305.47,1070.6 293.31,1079.4 285,1090 278.49,1098.3 273.72,1108.8 270.32,1118.4", lp="297.5,1100"];
	15 -> 11 [label="  1.0", pos="e,405.42,564.03 446.95,501.58 437.87,507.92 427.81,516.32 421,526 415.14,534.33 410.99,544.61 408.09,554.12", lp="433.5,536"];
	14 -> 15 [label="  1.0", pos="e,471.15,469.97 481.79,413.79 480.52,419.62 479.16,426.07 478,432 476.22,441.07 474.43,450.98 472.87,459.96", lp="490.5,442"];
	15 -> 14 [label="  1.0", pos="e,465.82,407.64 454.03,472.41 446.17,460.97 439.02,445.46 445,432 447.93,425.41 452.68,419.49 457.93,414.43", lp="457.5,442"];
	14 -> 13 [label="  1.0", pos="e,569.52,319.47 508.63,384.29 520.49,377.88 534.66,368.86 545,358 553.07,349.53 559.83,338.64 565.02,328.66", lp="570.5,348"];
	14 -> 10 [label="  1.0", pos="e,418.86,131.75 478.57,376.71 476.31,370.79 473.91,364.17 472,358 443.89,267.39 447.7,241.87 424,150 423.28,147.2 422.49,144.3 421.67\
,141.4", lp="460.5,254"];
	13 -> 14 [label="  1.0", pos="e,492.73,376.47 554.06,311.14 541.64,317.49 526.7,326.63 516,338 508.1,346.39 501.7,357.27 496.87,367.26", lp="528.5,348"];
	13 -> 12 [label="  1.0", pos="e,707.99,38.182 598.8,289.5 620.44,276.9 652.79,254.62 670,226 687.8,196.41 701.09,98.016 706.85,48.294", lp="703.5,160"];
	13 -> 9 [label="  1.0", pos="e,734.83,217.16 601.72,292.69 619.48,286.18 643.6,276.19 663,264 674.47,256.79 674.78,251.6 686,244 698.33,235.65 712.8,227.87 725.51\
,221.62", lp="698.5,254"];
	12 -> 13 [label="  1.0", pos="e,580.07,281.81 685.33,26.835 670.73,32.678 653,42.08 642,56 615.35,89.725 591.53,214.63 581.73,271.93", lp="618.5,160"];
	12 -> 8 [label="  1.0", pos="e,791.61,96.576 727.97,33.691 735.83,40.314 745.05,48.352 753,56 763.86,66.452 775.32,78.62 784.8,89.022", lp="784.5,66"];
	11 -> 15 [label="  1.0", pos="e,463.32,507.88 421.94,569.69 430.27,563.32 439.51,555.1 446,546 452.08,537.48 456.75,527.05 460.18,517.46", lp="468.5,536"];
	11 -> 10 [label="  1.0", pos="e,386.72,118.11 378.37,573.8 347.96,560.22 299,531.73 299,489 299,489 299,489 299,207 299,179.51 303.48,169.35 323,150 337.68,135.45\
 358.88,126.35 377.02,120.82", lp="311.5,348"];
	11 -> 7 [label="  1.0", pos="e,444.07,658.27 415.08,599.76 419.53,605.91 424.3,613.07 428,620 432.81,629 437.11,639.29 440.6,648.62", lp="449.5,630"];
	10 -> 14 [label="  1.0", pos="e,486.11,375.69 426.7,129.65 431.33,135.8 436.27,142.98 440,150 460.86,189.23 464.6,200.58 474,244 483.01,285.62 485.42,334.99 485.98\
,365.67", lp="489.5,254"];
	10 -> 11 [label="  1.0", pos="e,386.65,567.27 390.07,123.41 379.33,129.55 367.5,138.4 361,150 330.82,203.87 342.89,280.84 348,358 353.57,442.11 340.29,468.31 \
373,546 374.92,550.56 377.55,555.03 380.45,559.2", lp="360.5,348"];
	10 -> 9 [label="  1.0", pos="e,731.56,203.05 437.72,121.31 455.48,127.82 479.6,137.81 499,150 510.47,157.21 509.72,164.28 522,170 526.5,172.09 656.12,191.73 \
721.31,201.51", lp="534.5,160"];
	10 -> 6 [label="  1.0", pos="e,445.12,953.28 431.02,127.28 439.55,134.1 449.85,142.4 459,150 548.9,224.66 632,231.14 632,348 632,865 632,865 632,865 632,903.21\
 515.83,936.25 455.07,950.92", lp="644.5,536"];
	9 -> 13 [label="  1.0", pos="e,603.87,298.41 747.61,224.68 739.25,237.4 726.39,254.02 711,264 681.51,283.12 642.22,292.46 613.81,296.96", lp="743.5,254"];
	9 -> 10 [label="  1.0", pos="e,439.48,116.74 731.2,203.46 686.31,197.26 598.09,183.74 570,170 557.83,164.05 558.94,156.41 547,150 516.26,133.5 477.52,123.84 \
449.61,118.55", lp="582.5,160"];
	9 -> 8 [label="  1.0", pos="e,784.01,124.41 754.39,188.07 753.11,176.49 753.19,161.7 759,150 762.77,142.41 768.9,135.9 775.52,130.56", lp="771.5,160"];
	9 -> 5 [label="  1.0", pos="e,364.99,1052.2 780.45,217.75 791.39,224.01 803.9,232.89 812,244 827.57,265.36 829,274.56 829,301 829,959 829,959 829,959 829,988.5\
 820.04,1000.4 795,1016 759.72,1038 477.82,1048.7 375.19,1051.9", lp="841.5,630"];
	8 -> 12 [label="  1.0", pos="e,710.53,38.077 779.75,107.56 761.53,102.43 738.08,92.93 724,76 717.54,68.234 713.98,57.934 712.05,48.228", lp="736.5,66"];
	8 -> 9 [label="  1.0", pos="e,771.08,190.24 800.07,131.73 796.15,143.1 790.55,157.74 784,170 781.86,174 779.36,178.09 776.78,182.01", lp="805.5,160"];
	8 -> 4 [label="  1.0", pos="e,290.18,1145.8 825.4,126.51 846.42,142.9 877,172.64 877,207 877,1053 877,1053 877,1053 877,1111.7 433.36,1138.5 300.29,1145.2", lp="889.5,630"];
	7 -> 11 [label="  1.0", pos="e,396.44,601.7 427.16,666.67 416.54,660.55 404.96,651.69 399,640 394.65,631.47 394.01,621.26 394.9,611.85", lp="411.5,630"];
	7 -> 6 [label="  1.0", pos="e,410.07,941.01 433.72,692.49 427.85,698.74 421.55,706.29 417,714 394.5,752.14 391.44,764.35 384,808 376.57,851.62 393.12,901.49\
 405.91,931.6", lp="396.5,818"];
	7 -> 3 [label="  1.0", pos="e,490.65,758.61 451.93,696.22 453.83,707.9 457.59,722.71 465,734 469.57,740.96 475.88,747.19 482.4,752.46", lp="477.5,724"];
	6 -> 10 [label="  1.0", pos="e,386.28,115.96 394.63,950.66 377.46,944.19 354.36,934.28 336,922 266.32,875.41 223,854.82 223,771 223,771 223,771 223,207 223,179.51\
 225.9,167.62 247,150 266.31,133.87 333.5,122.82 376.24,117.23", lp="235.5,536"];
	6 -> 7 [label="  1.0", pos="e,447.9,696.15 421.13,939.62 426.46,891.1 440.41,764.2 446.77,706.42", lp="447.5,818"];
	6 -> 5 [label="  1.0", pos="e,360.98,1043 414.93,978.03 411.65,989.93 406.04,1005 397,1016 389.64,1024.9 379.54,1032.4 369.77,1038.1", lp="420.5,1006"];
	6 -> 2 [label="  1.0", pos="e,473.76,879.97 428.15,941.02 434.43,929.39 443.36,914.21 453,902 457.04,896.88 461.76,891.76 466.47,887.03", lp="465.5,912"];
	5 -> 9 [label="  1.0", pos="e,772.56,223.13 365.28,1052.2 453.21,1049.4 725.4,1039 757,1016 779.21,999.8 781,986.49 781,959 781,959 781,959 781,677 781,493.44\
 783.33,447.56 784,264 784.03,255.11 786.68,252.48 784,244 782.67,239.79 780.67,235.64 778.35,231.74", lp="793.5,630"];
	5 -> 1 [label="  1.0", pos="e,137.55,790 311.13,1050 270.42,1045 195.74,1033.6 176,1016 114.87,961.42 125.99,852.05 135.61,799.92", lp="143.5,912"];
	5 -> 6 [label="  1.0", pos="e,397.89,971.16 345.15,1034.5 350.31,1022.6 358.12,1007.4 368,996 374.07,988.99 381.72,982.56 389.23,977.1", lp="380.5,1006"];
	4 -> 8 [label="  1.0", pos="e,830.95,120.31 290.05,1145.9 381.22,1142.1 676.73,1128.5 770,1110 841.99,1095.7 925,1126.4 925,1053 925,1053 925,1053 925,207 925\
,163.56 875.57,137.07 840.43,123.72", lp="937.5,630"];
	4 -> 5 [label="  1.0", pos="e,331.32,1071.7 283.47,1134 292.42,1127.5 302.55,1119.2 310,1110 316.97,1101.4 322.78,1090.8 327.27,1081", lp="334.5,1100"];
	4 -> 0 [label="  1.0", pos="e,144.97,1235.2 252.46,1164.5 244.18,1177 231.63,1193.4 217,1204 198.43,1217.4 174.39,1226.6 154.77,1232.5", lp="249.5,1194"];
	3 -> 7 [label="  1.0", pos="e,468.49,690.98 507.13,752.25 503.55,740.6 497.92,725.67 490,714 486.07,708.22 481.08,702.69 475.96,697.75", lp="512.5,724"];
	3 -> 2 [label="  1.0", pos="e,482.58,846.87 494.81,785.89 488.94,792.06 483.08,799.72 480,808 476.56,817.22 477.35,827.71 479.64,837.15", lp="492.5,818"];
	2 -> 6 [label="  1.0", pos="e,442.66,949.53 490.29,884.21 489.02,896.04 485.82,910.99 478,922 471.3,931.43 461.36,938.99 451.55,944.74", lp="498.5,912"];
	2 -> 3 [label="  1.0", pos="e,510.79,790.21 499.01,846.45 501.25,840.64 503.49,834.13 505,828 507.2,819.09 508.72,809.23 509.77,800.24", lp="520.5,818"];
	2 -> 1 [label=" 10.0", pos="e,163.67,782.73 464.07,863.4 419.9,860.19 329.69,851.17 257,828 240.31,822.68 200.74,802.4 172.69,787.53", lp="271,818"];
	1 -> 5 [label="  1.0", pos="e,311.83,1048.1 145.38,790.16 154.9,842 183.34,983.31 216,1016 228.12,1028.1 270.28,1039.1 301.66,1045.9", lp="186.5,912"];
	1 -> 2 [label=" 10.0", pos="e,464.64,860.21 167.89,776.54 196.79,782.98 244.77,794.49 285,808 306.91,815.36 311.01,820.9 333,828 374,841.24 422.41,851.87 454.74\
,858.28", lp="347,818"];
	1 -> 0 [label="  1.0", pos="e,99.309,1227.9 117.27,779.22 102.48,785.2 84.255,794.62 72,808 53.434,828.27 48,837.51 48,865 48,1147 48,1147 48,1147 48,1174.8\
 57.032,1181.9 74,1204 78.941,1210.4 85.199,1216.5 91.465,1221.7", lp="60.5,1006"];
	0 -> 4 [label="  1.0", pos="e,236.14,1149.5 124.02,1222.2 128.24,1209.7 135.48,1193.9 147,1184 169.13,1164.9 201.19,1155.7 226,1151.2", lp="159.5,1194"];
	0 -> 1 [label="  1.0", pos="e,115.62,775.98 94.054,1233.7 59.159,1221.8 0,1194.5 0,1147 0,1147 0,1147 0,865 0,814.33 63.632,789.38 105.7,778.42", lp="12.5,1006"];
	1 -> 0 [color=blue, pos="e,114.9,1222.1 126.49,786.91 123.26,793.33 120.59,800.9 119,808 115.3,824.53 116.8,829.08 116,846 109.57,982.65 109.52,1146.1 114.07\
,1211.7"];
	1 -> 5 [color=blue, pos="e,325.37,1035.7 153.47,788.32 172.18,816.5 210.56,873.97 244,922 269.72,958.94 300.22,1001.2 319.35,1027.5"];
	5 -> 6 [color=blue, pos="e,394.25,966.96 338.85,1033.9 340.25,1021.9 343.7,1006.8 352,996 360.35,985.1 372.88,976.96 384.85,971.14"];
	6 -> 2 [color=blue, pos="e,505.98,881.11 444.54,952.65 470.1,945.72 506.76,934 515,922 521.79,912.11 518.08,900 511.75,889.48"];
	6 -> 10 [color=blue, pos="e,386.52,117.03 404.36,942.93 399.28,936.73 393.88,929.36 390,922 381.74,906.33 382.93,901.01 378,884 321.39,688.83 261,645.21 261\
,442 261,442 261,442 261,207 261,152.88 331.55,128.87 376.53,119.07"];
	10 -> 14 [color=blue, pos="e,473.7,377.78 414.83,132.14 418.66,169.04 428.82,252.32 448,320 452.91,337.32 453.94,341.91 462,358 463.84,361.67 465.96,365.42\
 468.16,369.07"];
	14 -> 13 [color=blue, pos="e,586.48,318.92 511.87,389.09 538.77,382.35 578.18,370.63 587,358 592.96,349.48 592.46,338.53 589.76,328.51"];
	14 -> 15 [color=blue, pos="e,486.4,474.75 497.26,412.48 503.15,423.9 508.16,439.05 503,452 500.78,457.58 497.27,462.8 493.32,467.46"];
	13 -> 12 [color=blue, pos="e,701.38,37.284 585.52,282.93 608.18,234.9 670,103.8 697.05,46.464"];
	10 -> 11 [color=blue, pos="e,402.42,563.58 412.47,132.2 412.31,137.93 412.14,144.22 412,150 408.2,301.62 404.18,483.13 402.65,553.3"];
	5 -> 9 [color=blue, pos="e,758.74,226 365.2,1052.5 456.01,1050.2 743,1036.8 743,959 743,959 743,959 743,583 743,441.04 755.44,405.91 759,264 759.23,254.9\
 759.16,244.98 758.99,236"];
	12 -> 8 [color=blue, pos="e,809.04,94.066 736.92,22.358 757.93,26.501 786.01,35.695 801,56 806.85,63.923 808.92,74.257 809.26,83.948"];
	6 -> 7 [color=blue, pos="e,475.34,684.04 445,953.42 474.03,946.67 518.47,934.64 530,922 558.91,890.3 547.08,870.62 552,828 557.93,776.65 566.01,750.08 529\
,714 516.72,702.03 499.86,693.41 484.86,687.52"];
	0 -> 4 [color=blue, pos="e,241.05,1158.3 136.44,1226.3 160.36,1209.3 203.19,1181.3 232.44,1163.5"];
	2 -> 3 [color=blue, pos="e,526.77,787.1 512.62,853.53 521.94,847.32 531.86,838.72 537,828 542.05,817.45 538.36,805.62 532.41,795.49"];
	1 -> 0 [color=red, pos="e,122.82,1222.1 142.17,790.27 140.39,795.89 138.32,802.1 137,808 133.3,824.53 134.8,829.08 134,846 127.57,982.65 127.52,1146.1 123.55\
,1211.7"];
	0 -> 4 [color=red, pos="e,245.43,1161.8 140.95,1229.7 166.89,1214.3 209.57,1186.7 237.08,1167.6"];
}
