digraph tree {
	node [label="\N"];
	graph [bb="0,0,5173,1448"];
	0 [pos="2128,1429", width="0.75", height="0.52778"];
	2 [pos="2256,1335", width="0.75", height="0.52778"];
	6 [pos="3307,19", width="0.75", height="0.52778"];
	14 [pos="2368,113", width="0.75", height="0.52778"];
	13 [pos="2416,207", width="0.75", height="0.52778"];
	15 [pos="1974,301", width="0.75", height="0.52778"];
	12 [pos="3530,395", width="0.75", height="0.52778"];
	11 [pos="3578,489", width="0.75", height="0.52778"];
	10 [pos="3573,583", width="0.75", height="0.52778"];
	9 [pos="2532,677", width="0.75", height="0.52778"];
	8 [pos="3419,771", width="0.75", height="0.52778"];
	5 [pos="2102,865", width="0.75", height="0.52778"];
	7 [pos="1706,959", width="0.75", height="0.52778"];
	4 [pos="3179,1053", width="0.75", height="0.52778"];
	1 [pos="2128,1147", width="0.75", height="0.52778"];
	3 [pos="3833,1241", width="0.75", height="0.52778"];
	0 -> 15 [label="  1.0", pos="e,1947,301.66 2100.9,1428.9 1897.9,1428.2 619.14,1422.3 544,1392 509.29,1378 482,1372.4 482,1335 482,1335 482,1335 482,1006 482,\
868.66 556.41,844.42 658,752 763.08,656.4 1046,435.5 1175,376 1229.3,350.97 1245.1,348.16 1304,338 1427.1,316.76 1814.4,305.13 1936.6\
,301.93", lp="560.5,865"];
	3 -> 1 [label="  1.0", pos="e,2155.4,1147.4 3805.9,1240 3690.2,1235.7 3240.7,1218.2 3179,1204 3156.5,1198.8 3153.6,1188.9 3131,1184 3035.5,1163.1 2335.8,1150.4\
 2165.4,1147.6", lp="3191.5,1194"];
	7 -> 5 [label="  1.0", pos="e,2076.9,872.39 1728.5,948.26 1735,945.37 1742.2,942.38 1749,940 1778.5,929.65 1789.4,936.64 1817,922 1829,915.66 1827.6,907.35 \
1840,902 1916.7,869.04 1944.7,898.29 2027,884 2040.1,881.72 2054.3,878.35 2066.8,875.08", lp="1852.5,912"];
	15 -> 13 [label="  1.0", pos="e,2389,208.84 1997.5,291.28 2029.3,278.52 2088,256.3 2140,244 2224.2,224.09 2325.7,213.93 2379,209.62", lp="2152.5,254"];
	15 -> 12 [label="  1.0", pos="e,3502.8,393.39 2001.3,301.22 2187.8,302.79 3269.7,312.94 3334,338 3346.6,342.92 3344.9,351.95 3357,358 3400.5,379.73 3456.4,388.74\
 3492.7,392.44", lp="3369.5,348"];
	15 -> 14 [label="  1.0", pos="e,2344.1,122.45 1994.4,288.06 2013.8,276.02 2043.9,257.89 2071,244 2164.5,196.14 2279.2,148.55 2334.7,126.2", lp="2199.5,207"];
	15 -> 11 [label="  1.0", pos="e,3551.2,486.73 2001.4,301.53 2115.6,303.86 2554.7,314.21 2691,338 2805.8,358.04 2827.5,392.17 2942,414 3037.1,432.12 3063.2,418.2\
 3159,432 3202.6,438.28 3212.5,445.04 3256,452 3358.7,468.46 3481,480.44 3541.1,485.83", lp="2954.5,395"];
	15 -> 10 [label="  1.0", pos="e,3547.9,575.88 2001.1,301.85 2072,304.37 2268.5,313.22 2430,338 2469.6,344.08 2478.8,349.58 2518,358 2557.5,366.47 2568.8,362.86\
 2607,376 2642.7,388.29 2647.3,401.69 2683,414 2801.3,454.79 2837.7,439.18 2959,470 3014.9,484.19 3027.3,493.33 3083,508 3158.7\
,527.93 3177.5,534.59 3255,546 3360.4,561.53 3388.8,547.49 3494,564 3508.5,566.28 3524.4,569.86 3538,573.3", lp="2878.5,442"];
	15 -> 9 [label="  1.0", pos="e,2508.8,667.18 2000.1,306.45 2039.8,316.45 2111,341.78 2111,395 2111,536 2111,536 2111,536 2111,583.75 2101,609.79 2138,640 2167.3\
,663.93 2440.9,650.65 2478,658 2484.9,659.38 2492.2,661.46 2499.1,663.74", lp="2123.5,489"];
	15 -> 8 [label="  1.0", pos="e,3393.8,763.53 2001,301.84 2076.4,304.45 2287.5,313.8 2352,338 2366.3,343.37 2366.9,350.1 2380,358 2459.6,406.07 2480.5,417.82 \
2567,452 2570.4,453.34 2814.6,524.79 2818,526 2839.8,533.72 2844,538.84 2866,546 2898.6,556.63 2909.8,549.83 2941,564 2980.2,581.79\
 2985.8,593.92 3020,620 3062.5,652.34 3064.6,673.45 3113,696 3151.9,714.16 3166.1,704.39 3208,714 3270.5,728.35 3342.5,748.6 \
3384.2,760.71", lp="2878.5,536"];
	15 -> 7 [label="  1.0", pos="e,1679.6,954.36 1950.6,310.93 1937.3,317.32 1921.1,326.57 1909,338 1829.1,413.6 1854.9,470.42 1775,546 1765.9,554.65 1586.8,648.99\
 1578,658 1545.5,691.3 1541.2,706.41 1532,752 1516,831.45 1531.9,875.15 1598,922 1619.4,937.13 1647.4,946.5 1669.6,952.02", lp="1655.5,630"];
	15 -> 6 [label="  1.0", pos="e,3279.9,19.223 1946.7,299.93 1801.2,294.08 1119.1,264.78 1034,226 1000.8,210.87 988.54,203.45 974,170 957.16,131.25 970.06,82.631\
 1007,56 1030.9,38.734 2974.9,21.782 3269.7,19.308", lp="986.5,160"];
	15 -> 5 [label="  1.0", pos="e,2078.5,855.66 1958.4,316.79 1942.8,334.34 1921,364.28 1921,395 1921,583 1921,583 1921,583 1921,607.11 1971.4,770.82 1986,790 2007.6\
,818.38 2043.3,839.1 2069.3,851.48", lp="1935.5,583"];
	15 -> 4 [label="  1.0", pos="e,3152.9,1047.4 2001,302.9 2040.9,306.37 2117.7,315.57 2179,338 2257.5,366.74 2269.8,389.8 2342,432 2470,506.81 2496.2,536.1 2629\
,602 2728.3,651.27 2756.6,656 2860,696 2881.6,704.37 2891.6,698.61 2909,714 2981.1,777.88 2983.5,791.78 2957,828 2941.3,849.43 \
2915.7,824.57 2900,846 2890,859.62 2893,868.65 2900,884 2945.1,982.47 3078.6,1028.1 3143.2,1044.9", lp="2872.5,677"];
	15 -> 3 [label="  1.0", pos="e,3852.3,1227.5 2001.1,301.42 2222,304.9 3721.8,328.81 3767,338 3790.5,342.77 3793.9,351.76 3817,358 4034.3,416.64 4106.4,355.19\
 4318,432 4448.3,479.32 4499.4,498.92 4567,620 4702.1,861.95 4612.3,907.56 4602,922 4587.5,942.22 4568.8,924.88 4549,940 4492.7,\
983.07 4432.4,1170.4 4370,1204 4320.6,1230.6 3918.9,1206.2 3865,1222 3863.8,1222.4 3862.6,1222.8 3861.3,1223.2", lp="4648.5,771"];
	15 -> 2 [label="  1.0", pos="e,2228.9,1332.8 1947.1,302.77 1893.4,306.62 1769.3,317.14 1667,338 1607.6,350.11 1586.8,342.95 1536,376 1517.5,388.04 1523.6,403.78\
 1504,414 1465.2,434.25 1343.8,406.88 1308,432 1206,503.56 1118,869.9 1180,978 1308.1,1201.3 1441.5,1179.5 1686,1260 1786,1292.9\
 2108.3,1322.5 2218.6,1331.9", lp="1175.5,818"];
	15 -> 1 [label="  1.0", pos="e,2101,1145.7 1947.5,305.91 1926,309.83 1895.1,315.41 1868,320 1817.9,328.49 1796,307.93 1755,338 1724.5,360.33 1746.1,389.98 1717\
,414 1645.4,472.99 1594.7,421.01 1516,470 1420.9,529.2 1407.5,563.03 1348,658 1315.3,710.18 1249.4,862.18 1264,922 1275.4,968.81\
 1279.4,987.22 1318,1016 1340.3,1032.6 1353.7,1020.5 1378,1034 1422.6,1058.8 1416.8,1090.6 1464,1110 1478.6,1116 1953.3,1138.8\
 2090.9,1145.3", lp="1331.5,724"];
	15 -> 0 [label="  1.0", pos="e,2100.8,1428.7 1946.9,302.27 1854.1,306.7 1549.6,322.13 1453,338 1386.8,348.87 1371.3,357 1307,376 1231.1,398.42 1203,386.81 1138\
,432 1045.5,496.38 892.84,741.14 821,828 744.25,920.79 713.25,934.78 645,1034 599.13,1100.7 558,1113.1 558,1194 558,1335 558,1335\
 558,1335 558,1386.2 608.72,1378.3 658,1392 729,1411.8 1868.5,1426 2090.6,1428.6", lp="818.5,865"];
	14 -> 15 [label="  1.0", pos="e,1985.6,283.58 2340.8,115.12 2287.5,120.29 2167,137.14 2081,188 2043.4,210.24 2010.6,249.48 1991.5,275.36", lp="2093.5,207"];
	14 -> 13 [label="  1.0", pos="e,2410.1,188.27 2381.1,129.76 2385.5,135.91 2390.3,143.07 2394,150 2398.8,159 2403.1,169.29 2406.6,178.62", lp="2415.5,160"];
	14 -> 12 [label="  1.0", pos="e,3543.1,378.26 2395.2,114.51 2459.7,118.04 2627.7,126.96 2768,132 2788.5,132.74 3491,137.13 3507,150 3574,203.93 3542.7,252.6 3553\
,338 3554.1,346.82 3555.4,349.45 3553,358 3551.9,361.9 3550.2,365.79 3548.3,369.5", lp="3563.5,254"];
	14 -> 11 [label="  1.0", pos="e,3597.7,475.66 2395.2,114.52 2459.7,118.09 2627.7,127.07 2768,132 2856,135.09 3474.1,130.84 3560,150 3600.8,159.09 3615.5,159.42\
 3646,188 3736.8,273.08 3820.7,358.15 3739,452 3720,473.84 3637.3,460.42 3610,470 3609,470.36 3607.9,470.76 3606.9,471.19", lp="3770.5,301"];
	14 -> 10 [label="  1.0", pos="e,3551.6,571.23 2395.2,114.46 2459.7,117.9 2627.7,126.61 2768,132 2785.1,132.66 3371.1,137.74 3383,150 3435.6,204.2 3432.5,262.92\
 3383,320 3345.9,362.73 3294.1,295.27 3257,338 3251.2,344.72 3252.9,350.1 3257,358 3288.4,418.87 3469.3,525.02 3542.4,566.1", lp="3269.5,348"];
	14 -> 9 [label="  1.0", pos="e,2512.7,663.7 2341.3,116.76 2276.8,125.84 2117.5,148.37 2112,150 1936,202.29 1702,182.2 1755,358 1792.6,482.62 1805.4,534.95 1917\
,602 2065.5,691.26 2132.5,623.59 2305,640 2391.6,648.24 2417.2,631.12 2500,658 2501.2,658.39 2502.4,658.84 2503.6,659.32", lp="1784.5,395"];
	14 -> 8 [label="  1.0", pos="e,3426.9,752.82 2395.2,114.38 2459.8,117.65 2627.7,126.03 2768,132 2794.6,133.13 3227.6,130.86 3246,150 3298.4,204.42 3283.2,254.25\
 3246,320 3238.3,333.53 3223.7,324.47 3216,338 3211.6,345.74 3215.3,349.14 3216,358 3219.1,400.12 3211.7,413.93 3230,452 3259.4\
,513.22 3292.4,510.29 3334,564 3382.5,626.58 3407.8,638.03 3430,714 3432.7,723.38 3431.8,733.83 3429.6,743.19", lp="3242.5,442"];
	14 -> 7 [label="  1.0", pos="e,1678.8,957.85 2341.6,117.52 2314.1,122.03 2269.6,128.74 2231,132 2101,142.98 1770.9,119.66 1644,150 1403.7,207.44 1250.7,200.3\
 1165,432 1085.9,645.91 1222.9,750.75 1408,884 1435.5,903.78 1442.1,910.7 1474,922 1540,945.36 1621.8,954.03 1668.5,957.21", lp="1155.5,536"];
	14 -> 6 [label="  1.0", pos="e,3280.3,21.678 2395.1,110.29 2528.6,96.927 3115.9,38.128 3269.9,22.712", lp="2933.5,66"];
	14 -> 5 [label="  1.0", pos="e,2075,862.59 2341.6,117.4 2314,121.8 2269.6,128.43 2231,132 2060.4,147.78 2015.4,124.7 1846,150 1778.4,160.09 1759.2,159.79 1697\
,188 1629.7,218.48 1603.1,222.07 1560,282 1525.4,330.01 1533.3,355.64 1543,414 1554.1,480.77 1619.4,640.42 1658,696 1671.8,715.88\
 1678.8,718.07 1697,734 1706.8,742.54 1710.3,743.39 1720,752 1737.9,767.83 1737.9,777.15 1758,790 1799.5,816.47 1814.3,815.75 \
1862,828 1932.6,846.15 2017.3,856.66 2064.9,861.57", lp="1583.5,489"];
	14 -> 4 [label="  1.0", pos="e,3151.8,1051.7 2395,114.23 2494.7,120.49 2841.6,157.83 2929,376 2943.6,412.44 2919.3,434.75 2884,452 2849.3,468.97 2832.7,451.12\
 2799,470 2769.1,486.75 2758.7,494.16 2746,526 2733.1,558.35 2749.6,570.76 2765,602 2769.2,610.63 2774.2,610.8 2777,620 2779.6,\
628.51 2783,633.4 2777,640 2750.7,669.18 2627.3,628.82 2601,658 2589.7,670.54 2597.1,679.56 2601,696 2611.7,741.46 2626.9,748.31\
 2648,790 2692.8,878.69 2688.6,919.67 2769,978 2809.5,1007.4 2826.3,1004.5 2875,1016 2969.5,1038.4 3083.9,1047.7 3141.7,1051.1", lp="2777.5,583"];
	14 -> 3 [label="  1.0", pos="e,3852.2,1227.5 2395.1,114.55 2459.7,118.17 2627.6,127.27 2768,132 3168.7,145.51 3269.6,129.23 3670,150 3871.8,160.47 3921.9,168.63\
 4123,188 4477.6,222.15 4656.5,194.81 4765,282 4800.5,310.51 4939,601.98 4964,640 5004.4,701.41 5065,697.48 5065,771 5065,912\
 5065,912 5065,912 5065,1110.9 4914.6,1141 4726,1204 4635.2,1234.3 3957,1195.7 3865,1222 3863.8,1222.3 3862.6,1222.8 3861.3,1223.2", lp="5034.5,677"];
	14 -> 2 [label="  1.0", pos="e,2228.8,1334.4 2340.9,113.32 2143.4,115.68 928.89,130.95 854,150 835.12,154.8 833.09,162.77 815,170 788.75,180.5 778.37,173.68 \
754,188 671.89,236.24 661.51,264.47 601,338 588.15,353.61 586.23,358.56 576,376 537.97,440.81 515.84,453.01 498,526 459.8,682.24\
 485.56,737.07 551,884 589.01,969.34 578.53,1006.4 645,1072 713.17,1139.3 746.73,1140.2 839,1166 920.69,1188.9 951.58,1149.3 1029\
,1184 1051.7,1194.2 1052.1,1204.8 1070,1222 1087.2,1238.6 1086.2,1250.1 1108,1260 1211.2,1306.7 2032.9,1329.5 2218.7,1334.1", lp="504.5,724"];
	14 -> 1 [label="  1.0", pos="e,2100.7,1145.5 2340.7,113.07 2150.6,113.63 1028.9,118.28 965,150 744.31,259.56 723.12,379.19 671,620 647.42,728.97 645.8,766.84\
 658,790 714.17,896.67 790.96,863.34 884,940 915.06,965.59 971.98,1054 1008,1072 1074,1104.9 1100.5,1076.5 1173,1090 1206.9,1096.3\
 1213.9,1104.9 1248,1110 1464,1142.3 1520.8,1118.7 1739,1128 1868.2,1133.5 2021.4,1141.4 2090.7,1145", lp="683.5,630"];
	14 -> 0 [label="  1.0", pos="e,2101,1428.9 2341,113.32 2135.3,115.82 824.32,132.4 743,150 633.04,173.8 611.63,207.87 527,282 483.26,320.32 474.04,332.02 436,\
376 366.97,455.81 340.24,470.67 291,564 253.06,635.91 178,830.69 178,912 178,1335 178,1335 178,1335 178,1382 222.05,1378.4 267,1392\
 357.4,1419.4 1836,1427.6 2090.8,1428.8", lp="226.5,771"];
	13 -> 15 [label="  1.0", pos="e,2000.3,296.18 2390.4,213.1 2345.1,223.83 2247.6,246.62 2165,264 2111.4,275.28 2049,287.12 2010.5,294.29", lp="2266.5,254"];
	13 -> 14 [label="  1.0", pos="e,2362.4,131.7 2393.2,196.67 2382.5,190.55 2371,181.69 2365,170 2360.6,161.47 2360,151.26 2360.9,141.85", lp="2377.5,160"];
	13 -> 12 [label="  1.0", pos="e,3525.6,376.17 2443,207.19 2557.9,208.18 3005.7,213.91 3143,244 3166.4,249.12 3170.2,256.76 3193,264 3226.8,274.72 3475.5,315.7\
 3503,338 3512,345.26 3518.1,356.2 3522.3,366.56", lp="3465.5,301"];
	13 -> 11 [label="  1.0", pos="e,3557.7,476.26 2443.3,207.59 2559.7,210.21 3011.6,221.77 3071,244 3122.6,263.32 3117.7,299.97 3169,320 3257.5,354.53 3294.5,301\
 3382,338 3394.5,343.28 3394.6,349.31 3405,358 3456.2,400.78 3468.1,412.68 3522,452 3530.7,458.34 3540.4,464.91 3549.2,470.73", lp="3417.5,348"];
	13 -> 10 [label="  1.0", pos="e,3552.4,570.3 2443.2,207.23 2551.5,208.35 2947.9,214.44 2995,244 3084.6,300.28 3032.7,380.8 3111,452 3157.3,494.04 3180.5,488.83\
 3240,508 3315.8,532.41 3336.7,531.78 3415,546 3469.4,555.87 3485.6,546.55 3538,564 3539.7,564.56 3541.4,565.19 3543,565.88", lp="3092.5,395"];
	13 -> 9 [label="  1.0", pos="e,2512.1,664.03 2416,226.24 2415.6,255.11 2413.7,311.23 2405,358 2390.7,434.72 2365.5,448.81 2354,526 2352.7,534.79 2351.1,537.61\
 2354,546 2371.7,596.44 2384.1,611.03 2429,640 2456.4,657.64 2469.9,645.56 2500,658 2501,658.42 2502,658.87 2503.1,659.34", lp="2394.5,442"];
	13 -> 8 [label="  1.0", pos="e,3399.4,757.61 2443,207.93 2523.4,210.95 2756.7,221.59 2782,244 2839.9,295.39 2765.7,358.83 2820,414 2844,438.43 2864.5,416.27 \
2895,432 2968.1,469.78 2964.3,516.03 3041,546 3084.3,562.92 3101.8,544.5 3144,564 3227.4,602.53 3228.1,642.89 3303,696 3315.7,704.99\
 3319.8,705.7 3333,714 3352.4,726.26 3374,740.54 3390.6,751.74", lp="2993.5,489"];
	13 -> 7 [label="  1.0", pos="e,1679.4,955.47 2389.2,209.99 2350.8,214.17 2278.1,221.72 2216,226 2122.8,232.42 1886.2,219.82 1796,244 1673.5,276.83 1623.2,277.77\
 1543,376 1399.9,551.24 1422.5,675.36 1510,884 1518.1,903.35 1520.4,910.57 1538,922 1559.3,935.87 1626.7,947.67 1669.4,954.01", lp="1458.5,583"];
	13 -> 6 [label="  1.0", pos="e,3280.8,24.525 2442.2,201.48 2569.5,174.61 3123.6,57.695 3270.9,26.612", lp="2962.5,113"];
	13 -> 5 [label="  1.0", pos="e,2075.1,862.23 2389.1,209.62 2313.3,217.03 2102,237.96 2071,244 2010.7,255.77 1997,264.56 1938,282 1856.4,306.13 1805.6,269.62 \
1755,338 1692.3,422.7 1835.4,705.28 1898,790 1914.2,811.88 1921.5,816.13 1946,828 1984.3,846.57 2032.5,856.15 2065.1,860.87", lp="1784.5,536"];
	13 -> 4 [label="  1.0", pos="e,3187.5,1034.6 2440.6,215.39 2456.6,221.64 2477.3,231.29 2493,244 2583.6,317.47 2563.6,377.16 2653,452 2694.5,486.7 2709.7,490.78\
 2761,508 2805.9,523.08 2823.5,505.21 2866,526 2967.8,575.75 2957.6,639.77 3056,696 3111.3,727.63 3153.4,698.5 3188,752 3206.8\
,781.03 3203.7,957.75 3193,1016 3192.5,1018.9 3191.7,1021.9 3190.8,1024.8", lp="2999.5,630"];
	13 -> 3 [label="  1.0", pos="e,3852.3,1227.5 2443.1,207.98 2545.2,211.72 2915.9,225.81 3221,244 3342.4,251.24 3372.6,255.83 3494,264 3919.1,292.63 4040.5,245.26\
 4446,376 4478.9,386.62 4697.1,499.17 4719,526 4779.8,600.61 4816.2,799.93 4810,828 4794.7,897.21 4716,1065.3 4661,1110 4655.2\
,1114.7 4546,1163.3 4539,1166 4514.2,1175.6 4505.8,1172.1 4482,1184 4468.3,1190.8 4468.5,1199.1 4454,1204 4329.9,1245.9 3990.7,\
1185.4 3865,1222 3863.8,1222.4 3862.6,1222.8 3861.3,1223.2", lp="4810.5,724"];
	13 -> 2 [label="  1.0", pos="e,2229,1334 2389.2,210.2 2350.9,214.63 2278.2,222.49 2216,226 2161.3,229.09 1282.6,228.78 1230,244 1213.5,248.77 1211.9,255.45 1197\
,264 1114,311.74 1081.9,309.53 1013,376 843.62,539.42 818.09,615.82 769,846 744.6,960.43 808.45,1004.5 904,1072 1064.5,1185.4\
 1564.1,1272.9 1759,1298 1930,1320 2135.9,1330.2 2218.8,1333.6", lp="802.5,771"];
	13 -> 1 [label="  1.0", pos="e,2100.6,1145.6 2389.2,210.18 2350.9,214.59 2278.2,222.41 2216,226 2119.9,231.55 1443.8,222.52 1350,244 1330.2,248.53 1284.8,272.22\
 1267,282 1227,304 1218.7,312.29 1181,338 1168.4,346.62 1167,351.95 1153,358 1114.7,374.48 1088.1,344.37 1061,376 967.78,484.73\
 1024.2,927.69 1137,1016 1181.9,1051.2 1214.3,1006 1264,1034 1302,1055.4 1287,1090.5 1326,1110 1367.1,1130.6 1693.1,1125.9 1739\
,1128 1868.1,1134 2021.3,1141.6 2090.7,1145.1", lp="1033.5,677"];
	13 -> 0 [label="  1.0", pos="e,2100.8,1428.7 2389.2,210.21 2350.9,214.66 2278.2,222.53 2216,226 2097.7,232.61 1267,225.72 1150,244 1092.2,253.02 1076.9,257.01\
 1024,282 915.67,333.2 896.42,360.88 800,432 746.6,471.39 726.78,475.28 684,526 646.54,570.42 650.73,590.69 620,640 515.55,807.61\
 368,808.5 368,1006 368,1335 368,1335 368,1335 368,1397.3 435.24,1378.4 496,1392 576.3,1410 1854.7,1425.8 2090.7,1428.6", lp="471.5,818"];
	12 -> 15 [label="  1.0", pos="e,2001.2,301.18 3503.2,392.74 3451.2,388.01 3339,376.02 3305,358 3294.2,352.26 3297.2,343 3286,338 3226.3,311.37 2219.1,302.75 2011.3\
,301.25", lp="3317.5,348"];
	12 -> 14 [label="  1.0", pos="e,2395.2,114.48 3529.9,375.88 3529.3,364.63 3527.8,350.25 3524,338 3495.6,247.07 3502.3,199.68 3421,150 3390,131.08 2804.3,133.36\
 2768,132 2634.5,126.99 2476.1,118.8 2405.3,115.02", lp="3515.5,254"];
	12 -> 13 [label="  1.0", pos="e,2443.1,207.53 3519.4,377.5 3510.2,364.16 3495.7,346.65 3478,338 3431.9,315.49 3297.1,334.66 3248,320 3198.4,305.21 3189.8,291.52\
 3146,264 3133.1,255.86 3132.4,249.05 3118,244 3055.2,222.03 2589.9,210.64 2453.5,207.75", lp="3260.5,301"];
	12 -> 11 [label="  1.0", pos="e,3556,477.59 3526.4,413.93 3525.1,425.51 3525.2,440.3 3531,452 3534.8,459.59 3540.9,466.1 3547.5,471.44", lp="3543.5,442"];
	12 -> 10 [label="  1.0", pos="e,3600.3,580.91 3556.6,398.49 3595.8,404.08 3666.3,416.06 3686,432 3700.5,443.76 3699.9,451.77 3704,470 3711.6,503.59 3714.1,522.49\
 3689,546 3667.6,566.05 3635.2,575.23 3610.2,579.44", lp="3721.5,489"];
	12 -> 9 [label="  1.0", pos="e,2552.1,663.89 3503,396.94 3456.9,400.71 3360.1,410.62 3281,432 3257.9,438.25 3253.9,445.12 3231,452 3112.8,487.5 3080.9,488.88\
 2959,508 2885.7,519.5 2863.5,502.92 2793,526 2744.4,541.92 2617.7,621.62 2560.7,658.37", lp="2805.5,536"];
	12 -> 8 [label="  1.0", pos="e,3443.5,763.03 3525.6,413.76 3524.3,419.59 3523,426.04 3522,432 3516.3,465.34 3501.8,705.84 3483,734 3475.8,744.85 3464.2,752.91\
 3452.9,758.7", lp="3521.5,583"];
	12 -> 7 [label="  1.0", pos="e,1679.9,953.15 3502.9,396.38 3436.1,399.76 3257.8,408.55 3109,414 2967,419.2 2609.1,402.95 2470,432 2466.9,432.64 2052.1,601.3 \
2049,602 1923.1,630.54 1882.3,581.56 1759,620 1650.5,653.82 1595.9,653.05 1540,752 1531.7,766.71 1535.6,773.68 1540,790 1544.4,806.35\
 1603.3,910.85 1616,922 1631.3,935.4 1652.1,944.38 1669.9,950.13", lp="1650.5,677"];
	12 -> 6 [label="  1.0", pos="e,3334,19.987 3555.5,388.07 3607.1,373.3 3719,337.1 3719,301 3719,301 3719,301 3719,113 3719,85.513 3717.2,72.276 3695,56 3667.1\
,35.501 3435.9,24.131 3344.2,20.395", lp="3731.5,207"];
	12 -> 5 [label="  1.0", pos="e,2127,857.21 3502.9,396.28 3436,399.41 3257.8,407.71 3109,414 3058.3,416.14 2701.2,416.11 2653,432 2612.1,445.5 2370.5,629.73 2338\
,658 2293.7,696.56 2284.1,708.14 2245,752 2216.2,784.33 2218.2,801.47 2184,828 2169.9,838.91 2152.1,847.44 2136.7,853.55", lp="2397.5,630"];
	12 -> 4 [label="  1.0", pos="e,3205.2,1047.2 3556.9,396.61 3663.4,403.56 4052.1,434.96 4125,526 4157.3,566.35 4125.9,594.17 4102,640 4060.9,718.74 4033.5,727.87\
 3970,790 3914.3,844.5 3774.6,987.7 3702,1016 3658.7,1032.9 3330.2,1028.8 3284,1034 3261,1036.6 3235.3,1041.2 3215.2,1045.2", lp="4063.5,724"];
	12 -> 3 [label="  1.0", pos="e,3852.3,1227.5 3556.8,397.78 3597.9,401.95 3679,409.77 3748,414 3804,417.44 4201.5,409.59 4253,432 4318.1,460.34 4451.8,592.38 \
4479,658 4533.5,789.56 4513.8,844.95 4463,978 4453,1004.3 4372.7,1188.8 4349,1204 4303.7,1233.1 3916.6,1206.8 3865,1222 3863.8,1222.4\
 3862.6,1222.8 3861.3,1223.2", lp="4523.5,818"];
	12 -> 2 [label="  1.0", pos="e,2283.2,1334.6 3557.4,395.86 3693.4,400.17 4290.7,419.74 4328,432 4356.9,441.5 4360.4,452.09 4385,470 4407,486 4408.1,496.97 4433\
,508 4477.5,527.73 4495.8,507.88 4541,526 4678.7,581.27 4717,604.3 4817,714 4894.3,798.84 4913.3,828.86 4942,940 4969.4,1046.2\
 4907.4,1077.2 4843,1166 4795,1232.2 4790,1265.6 4715,1298 4713.2,1298.8 2601.7,1329.9 2293.4,1334.4", lp="4938.5,865"];
	12 -> 1 [label="  1.0", pos="e,2155,1144.7 3503.3,397.91 3468.4,402.32 3406,412.35 3356,432 3294.8,456.06 3289.1,481.34 3229,508 3150.9,542.65 3118.3,520.02 \
3045,564 3024.5,576.29 3028.4,591.38 3007,602 2954.4,628.14 2926.8,590.4 2876,620 2802,663.16 2854.5,739.93 2785,790 2729.1,830.26\
 2695.3,783.19 2631,808 2616.7,813.51 2617.2,822.4 2603,828 2545.4,850.65 2519.9,817.54 2465,846 2424.2,867.13 2432.7,895.79 2395\
,922 2377.7,934.06 2365.1,924.24 2351,940 2298.7,998.56 2360.3,1056.4 2303,1110 2283.4,1128.4 2210.3,1138.8 2165.1,1143.6", lp="2828.5,771"];
	12 -> 0 [label="  1.0", pos="e,2155.4,1428.8 3557,396.56 3617.5,400.03 3768.5,408.48 3895,414 4008.5,418.95 4294.4,410.83 4406,432 4529.2,455.37 4560.8,468.1\
 4672,526 4685.6,533.06 4685.7,540.47 4700,546 4762.2,570.14 4788,537.05 4849,564 4928.1,598.93 5078,768.84 5117,846 5140.7,892.81\
 5151,906.55 5151,959 5151,1335 5151,1335 5151,1335 5151,1364.5 5142.6,1377.3 5117,1392 5083.4,1411.3 2508.1,1426.8 2165.5,1428.8", lp="5160.5,912"];
	11 -> 15 [label="  1.0", pos="e,2001,301.33 3550.8,488.58 3478.2,487.11 3274.6,480.53 3108,452 3074,446.18 3067,437.74 3033,432 2925.8,413.91 2895.4,436.55 2789\
,414 2740,403.62 2731,390.08 2683,376 2610.8,354.82 2592.4,349.03 2518,338 2328.8,309.96 2099.4,303.13 2011.1,301.5", lp="2801.5,395"];
	11 -> 14 [label="  1.0", pos="e,2395.2,114.51 3587.5,471.03 3590.1,465.13 3592.6,458.43 3594,452 3609.9,378.13 3610.1,356.24 3596,282 3583.8,217.75 3589,180.18\
 3531,150 3493.4,130.43 2810.4,133.51 2768,132 2634.5,127.26 2476.1,118.93 2405.3,115.07", lp="3614.5,301"];
	11 -> 13 [label="  1.0", pos="e,2443.2,207.56 3551.6,484.01 3484.2,470.56 3301.5,429.67 3165,358 3140.6,345.19 3137.1,337.76 3116,320 3077.8,287.76 3079.1,263.51\
 3033,244 2979.8,221.45 2579,210.65 2453.5,207.79", lp="3177.5,348"];
	11 -> 12 [label="  1.0", pos="e,3543.1,411.76 3572.1,470.27 3568.2,458.9 3562.5,444.26 3556,432 3553.9,428 3551.4,423.91 3548.8,419.99", lp="3577.5,442"];
	11 -> 10 [label="  1.0", pos="e,3581.9,564.99 3584.7,507.52 3587.9,518.68 3590.5,533.18 3588,546 3587.4,549.1 3586.5,552.26 3585.5,555.38", lp="3600.5,536"];
	11 -> 9 [label="  1.0", pos="e,2555.9,668.01 3550.9,490.56 3486.3,494.49 3318.7,505.91 3180,526 3176.7,526.48 2707.3,619.14 2704,620 2655.1,632.87 2599.9,652.03\
 2565.5,664.52", lp="2993.5,583"];
	11 -> 8 [label="  1.0", pos="e,3446.1,770.15 3598.3,501.93 3602.1,504.11 3606.1,506.23 3610,508 3633,518.52 3641.5,514.5 3664,526 3785.4,587.98 3832.6,565.55\
 3795,640 3761.4,706.56 3726.1,708.51 3656,734 3588.3,758.61 3503.9,766.86 3456.3,769.62", lp="3815.5,630"];
	11 -> 7 [label="  1.0", pos="e,1709,939.89 3550.9,489.78 3412.1,493.8 2786.8,512.62 2748,526 2733.5,530.99 2734.4,540.72 2720,546 2631.7,578.51 2601.7,547.89\
 2509,564 2509,564 2154,658 2154,658 1965.8,719.69 1885.2,701.24 1750,846 1728.1,869.43 1716.7,904.96 1711,929.91", lp="1963.5,724"];
	11 -> 6 [label="  1.0", pos="e,3334.3,19.713 3597.7,475.6 3601.6,473.42 3605.8,471.41 3610,470 3673.6,448.39 3701.2,484.46 3760,452 3905.7,371.54 3968.8,227.98\
 3870,94 3847.4,63.283 3829.8,66.077 3793,56 3708.5,32.879 3443,22.96 3344.4,20.008", lp="3928.5,254"];
	11 -> 5 [label="  1.0", pos="e,2128.2,859.85 3550.9,490.63 3475.7,495.24 3258.3,509.11 3078,526 3040.7,529.49 2779.5,555.72 2743,564 2711.8,571.07 2498.3,641.32\
 2471,658 2419.5,689.48 2416,709.63 2373,752 2339.2,785.32 2339.9,805.8 2298,828 2258.9,848.72 2243.5,837.79 2200,846 2179.5,\
849.86 2156.7,854.28 2138.2,857.89", lp="2483.5,677"];
	11 -> 4 [label="  1.0", pos="e,3205.1,1048.1 3597.3,502.45 3601.3,504.69 3605.7,506.7 3610,508 3649.5,519.89 3952.5,496.12 3981,526 4045.1,593.31 4007.8,654.88\
 3959,734 3946.2,754.81 3643.8,1007 3621,1016 3554.3,1042.3 3370.3,1026.4 3299,1034 3270.7,1037 3238.9,1042.1 3215.1,1046.3", lp="3953.5,771"];
	11 -> 3 [label="  1.0", pos="e,3852.8,1227.9 3597.3,502.46 3601.3,504.69 3605.7,506.7 3610,508 3651.8,520.5 3964.5,503.73 4002,526 4080.2,572.48 4055.7,627.2\
 4083,714 4083.8,716.47 4112.9,786.52 4106,828 4069.6,1045.5 4031.6,1094.4 3986,1166 3973.7,1185.4 3971,1192.7 3951,1204 3917,1223.3\
 3901.4,1207.8 3865,1222 3864,1222.4 3862.9,1222.8 3861.9,1223.3", lp="4114.5,865"];
	11 -> 2 [label="  1.0", pos="e,2283,1334.6 3597.3,502.5 3601.3,504.73 3605.7,506.73 3610,508 3724.6,541.53 4034,487.54 4147,526 4197.9,543.31 4512.7,761.73 4540\
,808 4608.3,923.62 4622.4,996.92 4550,1110 4464.3,1243.8 4403.1,1274.7 4246,1298 4195.8,1305.5 2561.1,1330.4 2293,1334.4", lp="4603.5,912"];
	11 -> 1 [label="  1.0", pos="e,2155.1,1145.3 3552.3,494.87 3492.3,509.37 3339.5,550.79 3229,620 3132.1,680.66 3139.6,741.67 3036,790 3000.7,806.46 2903.4,821.32\
 2865,828 2802.3,838.91 2784.6,830.17 2723,846 2634.1,868.84 2618.5,894.46 2531,922 2497.9,932.42 2479.4,915.3 2455,940 2400.6\
,995.09 2474.2,1057.8 2417,1110 2398.7,1126.7 2239.2,1139.5 2165.3,1144.6", lp="2985.5,818"];
	11 -> 0 [label="  1.0", pos="e,2155.3,1428.9 3597.3,502.52 3601.3,504.75 3605.7,506.74 3610,508 3675.3,526.97 4154.3,518.84 4222,526 4497.8,555.2 4582.9,565.27\
 4817,714 4980.4,817.84 5019,906.37 5019,1100 5019,1335 5019,1335 5019,1335 5019,1372.4 4991.8,1378.2 4957,1392 4889,1419 2496.4\
,1427.8 2165.8,1428.9", lp="5023.5,959"];
	10 -> 15 [label="  1.0", pos="e,2001.1,302.44 3548,575.73 3532.5,571.56 3512.3,566.65 3494,564 3341.2,541.85 3300.8,559.71 3147,546 3013.1,534.07 2976.5,543.98\
 2847,508 2806.7,496.81 2799.9,485.16 2761,470 2616.3,413.67 2575.7,411.75 2430,358 2407.5,349.72 2403.3,343.59 2380,338 2310.5\
,321.3 2097.7,307.91 2011.2,303.01", lp="2723.5,442"];
	10 -> 14 [label="  1.0", pos="e,2395.2,114.42 3552.3,570.72 3547.7,568.29 3542.8,565.9 3538,564 3509.4,552.57 3500.2,556.02 3471,546 3340.5,501.17 3266.9,489.13\
 3224,358 3221.2,349.55 3218.2,344.7 3224,338 3262.6,293.71 3316.4,364.29 3355,320 3398.8,269.74 3377.2,204.63 3296,150 3271.6\
,133.62 2797.3,133.2 2768,132 2634.5,126.56 2476.1,118.58 2405.3,114.94", lp="3236.5,348"];
	10 -> 13 [label="  1.0", pos="e,2443.3,207.36 3552.9,570.23 3548.2,567.76 3543,565.48 3538,564 3435.8,533.92 3404.2,562.68 3299,546 3261.9,540.13 3253.6,534.2\
 3217,526 3178,517.27 3164.9,525.52 3129,508 3088.4,488.18 2861.6,261.55 2820,244 2754.4,216.34 2540.7,209.29 2453.5,207.55", lp="3028.5,395"];
	10 -> 12 [label="  1.0", pos="e,3553.5,404.62 3594.2,571 3602.9,564.78 3612.2,556.31 3617,546 3621.8,535.74 3622.9,502.35 3614,470 3608.9,451.6 3607.2,445.76 \
3594,432 3585.1,422.75 3573.4,415.08 3562.4,409.16", lp="3632.5,489"];
	10 -> 11 [label="  1.0", pos="e,3566.9,506.4 3564.1,565.04 3559.7,553.82 3555.8,539.07 3559,526 3559.8,522.53 3561.1,519.01 3562.5,515.6", lp="3571.5,536"];
	10 -> 9 [label="  1.0", pos="e,2557,669.68 3548,590.16 3532.5,594.29 3512.3,599.2 3494,602 3377.8,619.81 3347.2,610.42 3230,620 3136.6,627.63 3113.5,633.49 3020\
,640 2838.5,652.63 2791.2,632.61 2611,658 2596.4,660.05 2580.6,663.59 2567,667.06", lp="3242.5,630"];
	10 -> 8 [label="  1.0", pos="e,3445.6,767.31 3579.6,601.64 3589.7,634.23 3604.4,701.22 3567,734 3550.6,748.37 3494.2,759.55 3455.9,765.71", lp="3603.5,677"];
	10 -> 7 [label="  1.0", pos="e,1721.5,943.41 3553,595.97 3548.2,598.43 3543.1,600.65 3538,602 3451.1,625.1 2818.8,614.65 2729,620 2685.4,622.6 2380.6,648.37 \
2338,658 2278.3,671.51 2129.2,716.95 2079,752 2060.9,764.64 2065.6,778.11 2047,790 2021.4,806.37 2010,798.99 1981,808 1882.9,838.42\
 1853.9,842.78 1770,902 1755.4,912.28 1740.5,925.42 1728.7,936.49", lp="2091.5,771"];
	10 -> 6 [label="  1.0", pos="e,3334.1,19.159 3599.2,577.77 3733.1,551.01 4336.9,429.93 4374,414 4421.6,393.59 4470,399.78 4470,348 4470,348 4470,348 4470,113\
 4470,77.472 4548.7,94.036 4153,56 3841.5,26.061 3463.1,20.329 3344.4,19.247", lp="4482.5,301"];
	10 -> 5 [label="  1.0", pos="e,2128.9,862.52 3547.4,589.24 3531.9,592.98 3511.9,597.82 3494,602 3458.9,610.21 3449.4,609.28 3415,620 3392.2,627.12 3388.2,634.28\
 3365,640 3288.6,658.78 3267,647.9 3189,658 3029.7,678.62 2989.3,681.76 2832,714 2630.3,755.33 2585.2,789.16 2383,828 2296.2,\
844.66 2193,856.15 2139,861.53", lp="2844.5,724"];
	10 -> 4 [label="  1.0", pos="e,3205.9,1050.3 3587.9,599.26 3605.9,621.02 3632.5,660.97 3620,696 3592.5,773.27 3441.6,921.64 3382,978 3362.5,996.46 3359.1,1004.2\
 3335,1016 3296.8,1034.8 3248.5,1044.3 3215.9,1049", lp="3556.5,818"];
	10 -> 3 [label="  1.0", pos="e,3852.9,1228.1 3600,585.05 3651.7,589.37 3762.4,600.63 3795,620 3850.2,652.86 3838.1,688.99 3884,734 3893.5,743.34 3899.2,741.98\
 3908,752 3939.6,788.05 3944,801.15 3961,846 4017.6,995.42 4039.1,1089.1 3928,1204 3907.8,1224.9 3891.7,1210.5 3865,1222 3864,1222.4\
 3863,1222.9 3862,1223.4", lp="3999.5,912"];
	10 -> 2 [label="  1.0", pos="e,2283.3,1334.6 3600.1,584.87 3661.3,589.37 3808.8,601.81 3855,620 3869.2,625.61 3870.5,631.21 3883,640 3954.6,690.33 3987.2,686.24\
 4045,752 4088.6,801.58 4073,831.54 4113,884 4135.3,913.26 4159.2,906.31 4174,940 4238.2,1086.1 4261.8,1189.2 4145,1298 4136.2\
,1306.2 2558.5,1330.4 2293.5,1334.4", lp="4201.5,959"];
	10 -> 1 [label="  1.0", pos="e,2155.2,1145.9 3553.3,596.05 3542.8,603.08 3529.6,611.93 3518,620 3505.4,628.71 3504.1,634.18 3490,640 3443.8,659.02 3420.2,629.71\
 3379,658 3323,696.45 3358.4,752.14 3302,790 3254.3,822.02 3229,791.28 3174,808 3099.8,830.56 3089.7,857.07 3017,884 2987.7,894.86\
 2977.4,889.02 2949,902 2854.1,945.3 2840.8,974.66 2755,1034 2706.7,1067.4 2702.3,1090.3 2647,1110 2602,1126 2276.6,1140.9 \
2165.2,1145.5", lp="3103.5,865"];
	10 -> 0 [label="  1.0", pos="e,2155.3,1428.9 3599.7,585.77 3677.3,594.04 3909.2,620.32 4099,658 4197.5,677.56 4222.8,681.88 4318,714 4589.6,805.65 4662,866.93\
 4842,1090 4875.9,1132.1 4905,1140 4905,1194 4905,1335 4905,1335 4905,1335 4905,1377.2 4869,1378.4 4829,1392 4763,1414.5 2486.7\
,1427.1 2165.5,1428.8", lp="4792.5,1006"];
	9 -> 15 [label="  1.0", pos="e,1974,320.08 2508.8,667.17 2499.4,663.64 2488.3,660.03 2478,658 2319.9,626.94 2274,671.43 2116,640 2090.1,634.84 2085.1,628.13 \
2060,620 2032.7,611.17 2018.9,621.61 1998,602 1975.2,580.67 1974,567.21 1974,536 1974,536 1974,536 1974,395 1974,373.31 1974,348.8\
 1974,330.25", lp="1986.5,489"];
	9 -> 14 [label="  1.0", pos="e,2341.5,117.08 2512.7,663.49 2508.7,661.26 2504.3,659.27 2500,658 2382,623.53 2067,666.6 1947,640 1905,630.7 1893.1,626.82 1858\
,602 1839.2,588.75 1843.4,574.58 1823,564 1768.9,535.9 1741.7,572.99 1687,546 1668.4,536.82 1562.9,433.16 1555,414 1498.6,277.82\
 1725.9,217.89 1800,188 1979.2,115.77 2039.1,153.64 2231,132 2265.2,128.15 2304,122.66 2331.5,118.57", lp="1567.5,395"];
	9 -> 13 [label="  1.0", pos="e,2401.2,223.13 2512.7,663.66 2508.7,661.42 2504.3,659.37 2500,658 2452.8,642.98 2311.6,676.39 2278,640 2165,517.41 2332.6,302.1\
 2394.6,230.73", lp="2274.5,442"];
	9 -> 12 [label="  1.0", pos="e,3502.9,397.15 2533.2,657.86 2536.4,625.42 2547.8,559.85 2588,526 2621.5,497.77 2642.1,517.01 2685,508 2757.4,492.8 2773.8,480.61\
 2847,470 2984.5,450.07 3021.9,474.01 3159,452 3193.1,446.53 3200.1,438.6 3234,432 3326.2,414.04 3436.3,402.96 3492.7,398.02", lp="2600.5,536"];
	9 -> 11 [label="  1.0", pos="e,3550.6,489.81 2557.8,670.77 2600.4,660.48 2681,640.99 2684,640 2706,632.8 2709.5,625.26 2732,620 2852.6,591.81 2888.6,626.43 3010\
,602 3111.4,581.59 3129,548.5 3230,526 3341.2,501.21 3476.3,492.89 3540.5,490.2", lp="3132.5,583"];
	9 -> 10 [label="  1.0", pos="e,3547.5,589.94 2557,669.57 2572.4,665.35 2592.7,660.43 2611,658 2894.8,620.32 2971.1,676.98 3255,640 3293.5,634.99 3301.8,626.71\
 3340,620 3407.9,608.09 3426.2,614.08 3494,602 3508.4,599.44 3524.1,595.84 3537.6,592.46", lp="3352.5,630"];
	9 -> 8 [label="  1.0", pos="e,3391.9,769.97 2557.1,684.14 2572.5,688.26 2592.7,693.17 2611,696 2721.1,713.08 2750.6,698.83 2861,714 2905,720.05 2915,727.76 \
2959,734 3115.1,756.12 3302.9,766.09 3381.6,769.53", lp="2971.5,724"];
	9 -> 7 [label="  1.0", pos="e,1729.2,948.66 2507.8,685.54 2498.5,688.82 2487.8,692.59 2478,696 2454.9,704.06 2449.1,705.96 2426,714 2317.9,751.6 2051.1,856.5\
 1940,884 1887.7,896.96 1870,881.77 1820,902 1805.8,907.74 1805.4,914.56 1792,922 1773.9,932.08 1768,931.81 1749,940 1745.6,941.47\
 1742,943.03 1738.4,944.58", lp="2178.5,818"];
	9 -> 6 [label="  1.0", pos="e,3304.2,38.153 2516.3,661.03 2511.4,654.95 2506.6,647.64 2504,640 2494.6,611.91 2486.1,584.17 2515,526 2559,437.55 2590.4,419.72\
 2679,376 2784.4,323.97 3104.5,337.86 3196,264 3265.2,208.14 3292.8,99.864 3302.5,48.027", lp="2868.5,348"];
	9 -> 5 [label="  1.0", pos="e,2128.1,859.54 2507.8,686.04 2491.6,692.63 2470.2,702.41 2453,714 2422.1,734.82 2363.7,812.04 2330,828 2277.3,852.98 2257.5,836.45\
 2200,846 2179.5,849.41 2156.6,853.8 2138.2,857.5", lp="2423.5,771"];
	9 -> 4 [label="  1.0", pos="e,3152.2,1050.7 2557.5,683.92 2572.9,687.91 2593,692.76 2611,696 2677.1,707.87 2696.3,696.1 2761,714 2766,715.38 2843.2,747.66 2846\
,752 2855.2,766.17 2856.7,776.96 2846,790 2819.5,822.17 2786.3,781.71 2754,808 2727.2,829.78 2718.5,855.49 2738,884 2776.5,940.38\
 2820.4,908.69 2881,940 2935.8,968.28 2940,992.55 2997,1016 3045,1035.7 3104.5,1045.3 3142.2,1049.6", lp="2750.5,865"];
	9 -> 3 [label="  1.0", pos="e,3833,1221.9 2557,684.38 2572.4,688.59 2592.7,693.51 2611,696 2841,727.3 2901.3,699.23 3133,714 3314.7,725.59 3362.3,717.13 3541\
,752 3625.7,768.53 3660.2,753.32 3727,808 3804.2,871.22 3833,906.18 3833,1006 3833,1147 3833,1147 3833,1147 3833,1168.7 3833,1193.2\
 3833,1211.7", lp="3844.5,959"];
	9 -> 2 [label="  1.0", pos="e,2283.1,1334.5 2557,684.37 2572.4,688.57 2592.7,693.49 2611,696 2719.8,710.92 3001,678.58 3105,714 3119.5,718.93 3118.6,728.93 \
3133,734 3200.6,757.77 3385.3,735.25 3455,752 3495.6,761.77 3501.1,777.66 3541,790 3582.9,802.95 3610,774.29 3638,808 3643.7,814.83\
 3639,819.17 3638,828 3625.2,938.63 3637.1,975.79 3581,1072 3518.9,1178.5 3481.5,1194.6 3377,1260 3358.4,1271.6 3350.3,1267.5\
 3331,1278 3317.6,1285.3 3317.5,1293.1 3303,1298 3254.3,1314.6 2473.9,1330.7 2293.2,1334.3", lp="3628.5,1006"];
	9 -> 1 [label="  1.0", pos="e,2135.2,1128.7 2538.6,695.49 2546,719.73 2554.4,762.4 2534,790 2530.8,794.27 2355.7,843.58 2351,846 2292.5,875.88 2276.6,887.64\
 2237,940 2192.6,998.64 2156.5,1077.9 2139.1,1119.3", lp="2280.5,912"];
	9 -> 0 [label="  1.0", pos="e,2100.9,1428.9 2512.7,690.34 2508.7,692.59 2504.3,694.63 2500,696 2405.3,726.16 2376,704.29 2277,714 2130.5,728.37 2092.8,725.48\
 1948,752 878.99,947.79 718,945.08 718,1147 718,1335 718,1335 718,1335 718,1445.1 849.89,1377.5 959,1392 1185.5,1422.1 1917.1,1427.9\
 2090.8,1428.8", lp="765.5,1053"];
	8 -> 15 [label="  1.0", pos="e,2000.9,302.78 3392,767.69 3330.9,759.72 3178,737.01 3056,696 2953.7,661.59 2921.6,662.19 2832,602 2812.2,588.68 2814.8,575.73 \
2794,564 2764.9,547.58 2752.8,556.12 2721,546 2676.9,531.98 2666.8,525.61 2624,508 2526.4,467.86 2499.7,462.41 2406,414 2348.2,384.17\
 2342.4,359.26 2281,338 2231.9,321.01 2081.5,308.56 2011.1,303.5", lp="2733.5,536"];
	8 -> 14 [label="  1.0", pos="e,2395.2,114.34 3408.3,753.11 3389.8,723.08 3349.3,661.76 3304,620 3208.3,531.76 3122.9,568.13 3064,452 3048.7,421.85 3043.6,405\
 3061,376 3079.4,345.3 3098.4,350.23 3132,338 3168.7,324.65 3193.4,350.31 3218,320 3248,283.04 3269.6,215.07 3196,150 3178.2,134.24\
 2791.8,133.06 2768,132 2634.6,126.02 2476.1,118.32 2405.3,114.84", lp="3076.5,442"];
	8 -> 13 [label="  1.0", pos="e,2443.2,208.24 3394.4,762.61 3361,750.58 3299.8,726.47 3253,696 3199.4,661.07 3187.5,648.93 3144,602 3129.7,586.61 3133.9,574.86\
 3116,564 3071,536.76 3049.5,560.62 2999,546 2898.4,516.91 2848.2,533.88 2783,452 2724.4,378.44 2812.9,308.04 2744,244 2723,224.51\
 2535,212.91 2453.5,208.75", lp="2860.5,489"];
	8 -> 12 [label="  1.0", pos="e,3522.2,413.31 3437.4,756.6 3444,750.38 3450.9,742.57 3455,734 3487.9,665.36 3460.5,638.53 3476,564 3488.5,504.11 3494.8,489.75\
 3515,432 3516,429.02 3517.2,425.93 3518.4,422.86", lp="3488.5,583"];
	8 -> 11 [label="  1.0", pos="e,3597.5,502.22 3445.6,767.31 3487,761.22 3564.3,748.32 3588,734 3606.9,722.59 3612.4,716.74 3620,696 3631.3,664.91 3652,605.05 \
3617,526 3614.3,519.84 3610,514.21 3605.2,509.31", lp="3648.5,630"];
	8 -> 10 [label="  1.0", pos="e,3568.6,601.91 3445.9,767.75 3468.7,763.63 3500.9,754.41 3521,734 3538.2,716.48 3556.5,650.78 3566.2,612.05", lp="3565.5,677"];
	8 -> 9 [label="  1.0", pos="e,2557,684.33 3392,769.13 3322.5,764.16 3138.9,749.88 3080,734 3058.9,728.3 3056.3,719 3035,714 2851.4,670.94 2797.8,722.18 2611\
,696 2596.4,693.96 2580.6,690.42 2567,686.95", lp="3092.5,724"];
	8 -> 7 [label="  1.0", pos="e,1732.6,954.97 3392.2,774.09 3294.9,785.3 2963.7,823.4 2916,828 2813,837.94 2089.9,884.49 1988,902 1954,907.84 1946.7,914.51 1913\
,922 1853.7,935.18 1784,946.86 1742.5,953.42", lp="2676.5,865"];
	8 -> 6 [label="  1.0", pos="e,3334.1,19.288 3446,768.45 3621.3,751.12 4592,644 4592,395 4592,395 4592,395 4592,113 4592,73.362 4640,88.645 4376,56 4170,30.521\
 3508.4,21.324 3344.2,19.404", lp="4604.5,395"];
	8 -> 5 [label="  1.0", pos="e,2129.1,862.79 3392,771.99 3299.5,775.5 2986.8,788.15 2729,808 2640.4,814.83 2618.5,819.73 2530,828 2385.6,841.5 2213.7,855.84 \
2139.3,861.95", lp="2741.5,818"];
	8 -> 4 [label="  1.0", pos="e,3205.8,1049.7 3418.5,790.14 3417.1,819.83 3411.5,878.15 3390,922 3365.4,972.03 3354.1,986.19 3307,1016 3279.2,1033.6 3242.8,1043.1\
 3216,1048", lp="3410.5,912"];
	8 -> 3 [label="  1.0", pos="e,3806.2,1237.6 3446,773.43 3473.3,777.07 3515.6,786.04 3545,808 3566,823.67 3673,979.8 3673,1006 3673,1147 3673,1147 3673,1147 \
3673,1203.9 3749.1,1227 3796.3,1235.9", lp="3685.5,1006"];
	8 -> 2 [label="  1.0", pos="e,2283.1,1334.5 3444.6,777.15 3470.7,784 3508.5,795.73 3517,808 3585.4,906.89 3513.2,965.21 3458,1072 3432.5,1121.2 3418.9,1130.9\
 3376,1166 3337.2,1197.8 3317.3,1190.9 3278,1222 3241.7,1250.7 3249,1278.8 3207,1298 3164.8,1317.3 2464.1,1331.2 2293.3,1334.3", lp="3491.5,1053"];
	8 -> 1 [label="  1.0", pos="e,2155.4,1146.4 3396.6,781.89 3390.6,784.66 3384.1,787.55 3378,790 3354.9,799.24 3346.7,795.84 3325,808 3255.9,846.72 3252.7,876.26\
 3188,922 3148.3,950.08 3136.9,955.06 3094,978 3008.5,1023.8 2987.8,1037.9 2897,1072 2869.3,1082.4 2859.6,1077.2 2833,1090 2819.2\
,1096.6 2819.4,1104.9 2805,1110 2744.6,1131.2 2298.7,1143.1 2165.5,1146.2", lp="3173.5,959"];
	8 -> 0 [label="  1.0", pos="e,2155.2,1428.8 3446.2,771.92 3496.4,774.21 3606.4,782.02 3695,808 3809.9,841.67 3829.3,874.07 3939,922 4080.4,983.79 4495.9,1056\
 4582,1184 4634.4,1262 4621.5,1338.9 4544,1392 4518.4,1409.6 2468.4,1426.3 2165.3,1428.7", lp="4499.5,1100"];
	7 -> 15 [label="  1.0", pos="e,1948.7,308.25 1679.2,955.85 1650.5,951.57 1604.1,942.01 1569,922 1548,910.02 1540.8,905.67 1530,884 1485.2,793.86 1498.5,747.29\
 1545,658 1578.1,594.43 1610.2,592.4 1676,564 1701.6,552.97 1713.6,562.53 1736,546 1809.2,491.98 1793.7,447.45 1850,376 1864.2,\
357.97 1866.2,351.16 1885,338 1901.4,326.54 1921.9,317.71 1939.1,311.56", lp="1583.5,630"];
	7 -> 14 [label="  1.0", pos="e,2340.7,113.74 1679,957.39 1629.1,953.97 1519.6,944.39 1430,922 1336.1,898.54 1319.4,871.25 1226,846 1180.7,833.76 1156.9,859.29\
 1122,828 1082.7,792.82 1111.6,761.66 1089,714 1019.2,566.76 859.93,513.72 947,376 1051.1,211.32 1157.6,247.8 1343,188 1432.4,159.16\
 1457.6,160.59 1551,150 1705.2,132.51 2191.6,117.92 2330.6,114.02", lp="975.5,536"];
	7 -> 13 [label="  1.0", pos="e,2389.2,210.05 1678.8,957.81 1640.6,955.24 1569.6,947.2 1515,922 1405,871.24 1406.7,812.92 1302,752 1283.4,741.17 1269.1,751.84\
 1257,734 1218.8,677.51 1266.2,482.6 1312,432 1407.2,326.7 1463.1,336.83 1594,282 1646,260.23 1659.4,253.54 1715,244 1824.8,225.14\
 2104.8,233.27 2216,226 2273,222.27 2339,215.53 2379.1,211.16", lp="1269.5,583"];
	7 -> 12 [label="  1.0", pos="e,3502.9,396.34 1703.1,939.82 1700.2,917.03 1697.5,878.05 1706,846 1732.9,744.52 1756.3,707.25 1849,658 1953.4,602.54 1995.7,635.59\
 2109,602 2210.7,571.86 2451,452.9 2555,432 2675.8,407.73 2985.9,418.78 3109,414 3250.8,408.5 3419.4,400.43 3492.8,396.84", lp="1861.5,677"];
	7 -> 11 [label="  1.0", pos="e,3550.7,489.74 1705,939.85 1704.5,916.39 1706.4,876.07 1722,846 1793.3,708.67 1864.5,693.93 2015,658 2092.8,639.43 2119.2,668.18\
 2194,640 2208.3,634.61 2208.6,627.34 2222,620 2280.8,587.85 2296.7,579.28 2362,564 2460.1,541.03 2488.7,563.22 2588,546 2621.6\
,540.18 2628.3,531.16 2662,526 2749.7,512.56 3379,494.48 3540.4,490.02", lp="1849.5,724"];
	7 -> 10 [label="  1.0", pos="e,3553,595.99 1715.4,941.15 1729.2,916.44 1757.4,871.95 1793,846 1823.7,823.66 2072.8,728.25 2108,714 2128.3,705.76 2134.9,706.74\
 2154,696 2178.3,682.34 2178.2,668.63 2204,658 2211.5,654.93 2484,620.6 2492,620 2607.9,611.38 3425.6,631.58 3538,602 3539.9,601.5\
 3541.8,600.87 3543.7,600.16", lp="2021.5,771"];
	7 -> 9 [label="  1.0", pos="e,2508.4,686.34 1726.9,946.88 1738.8,939.83 1753.9,930.66 1767,922 1779.8,913.58 1781.1,908.3 1795,902 1827,887.51 1839.2,896.7 \
1872,884 1904.3,871.49 1908.3,859.98 1940,846 2012,814.22 2033.4,815.19 2108,790 2157.4,773.31 2169,766.9 2219,752 2284.5,732.47\
 2301.1,727.98 2368,714 2416.5,703.87 2430,708.27 2478,696 2484.8,694.26 2491.9,692.04 2498.7,689.73", lp="2060.5,818"];
	7 -> 8 [label="  1.0", pos="e,3392.3,774.83 1732.5,955.09 1813,943.28 2054,908.38 2133,902 2273.5,890.66 2628,907.17 2767,884 2823,874.66 2833.6,858.41 2889\
,846 2945.5,833.35 2960.7,836.07 3018,828 3152.1,809.11 3311.4,786.38 3382.1,776.28", lp="2901.5,865"];
	7 -> 4 [label="  1.0", pos="e,3151.9,1051.3 1733,960.72 1912.6,972.18 2933,1037.3 3141.7,1050.6", lp="2586.5,1006"];
	7 -> 6 [label="  1.0", pos="e,3279.6,19.026 1678.9,957.42 1598.5,952.6 1361.8,937.46 1286,922 1125.7,889.28 1095.6,843.85 936,808 874.36,794.16 854.14,812.23\
 795,790 739.1,768.99 600.07,692.71 572,640 567.82,632.15 571.87,628.89 572,620 573.78,499.07 580,468.94 580,348 580,348 580,348\
 580,113 580,57.937 636.6,69.415 690,56 820.73,23.161 2957.9,19.41 3269.3,19.038", lp="590.5,489"];
	7 -> 3 [label="  1.0", pos="e,3806,1239.9 1733.2,959.65 1873.8,963.11 2515.8,979.65 2603,996 2634.7,1001.9 2847.8,1078.6 2878,1090 2899.6,1098.2 2904.3,1102\
 2926,1110 3002.6,1138.2 3021,1149.8 3101,1166 3188.9,1183.8 3217.9,1152.8 3302,1184 3316.3,1189.3 3315.6,1198.8 3330,1204 3373.4\
,1219.7 3686.9,1234.7 3795.8,1239.4", lp="2938.5,1100"];
	7 -> 2 [label="  1.0", pos="e,2229.3,1331.5 1703.3,978.08 1696.3,1037.1 1684,1217.6 1784,1298 1810.6,1319.3 2056.1,1313.1 2090,1316 2134.5,1319.8 2185.4,1325.9\
 2219,1330.2", lp="1722.5,1147"];
	7 -> 1 [label="  1.0", pos="e,2101.3,1143.9 1723.8,973.47 1766.2,1007.7 1873.1,1092.4 1915,1110 1946.1,1123.1 2038.9,1136.1 2091.1,1142.6", lp="1864.5,1053"];
	7 -> 0 [label="  1.0", pos="e,2100.7,1428.6 1679,960.52 1582.3,966.31 1253.8,988.94 1160,1034 1062.1,1081 1037.8,1118.8 1004,1222 980.46,1293.8 951.46,1337.7\
 1004,1392 1023.3,1412 1897.5,1425.7 2090.5,1428.5", lp="1030.5,1194"];
	6 -> 15 [label="  1.0", pos="e,1979.4,282.11 3279.9,19.407 3184.3,21.054 2853.5,28.51 2582,56 2470.2,67.323 2442.4,73.02 2332,94 2193.9,120.24 2127.3,86.517 \
2030,188 2006.8,212.17 1991.4,247.79 1982.7,272.55", lp="2085.5,160"];
	6 -> 14 [label="  1.0", pos="e,2394.2,107.92 3279.9,19.801 3196.7,22.456 2937.4,32.196 2724,56 2606.4,69.111 2468.4,93.927 2404.3,106.02", lp="2736.5,66"];
	6 -> 13 [label="  1.0", pos="e,2443,205.32 3283.6,28.878 3230.5,50.908 3096.2,104.29 2979,132 2784,178.09 2543.8,198.27 2453.1,204.63", lp="3118.5,113"];
	6 -> 12 [label="  1.0", pos="e,3557,393.05 3334.1,20.372 3413.5,24.561 3644.7,38.001 3718,56 3782.4,71.822 3856,46.641 3856,113 3856,301 3856,301 3856,301 3856\
,360.58 3652.4,384.7 3567,392.19", lp="3868.5,207"];
	6 -> 11 [label="  1.0", pos="e,3597.3,475.72 3334.1,19.884 3502.2,25.534 4394,58.098 4394,113 4394,348 4394,348 4394,348 4394,484.42 3924.2,433.61 3789,452 3709.8\
,462.78 3685.9,445 3610,470 3608.8,470.4 3607.6,470.85 3606.4,471.34", lp="4406.5,254"];
	6 -> 10 [label="  1.0", pos="e,3599.7,579.22 3334.1,19.528 3470.4,22.268 4082.8,35.518 4272,56 4570.2,88.283 4539,80.054 4539,113 4539,254 4539,254 4539,254 \
4539,597.67 4162.5,492.47 3823,546 3747.3,557.94 3658.5,570.81 3609.7,577.79", lp="4549.5,301"];
	6 -> 9 [label="  1.0", pos="e,2530,657.85 3331.6,27.037 3409.3,53.857 3640.7,145.33 3576,264 3539,331.75 3503.6,334.77 3430,358 3333.1,388.59 3071.8,352.17 \
2973,376 2934,385.42 2928.7,400.24 2891,414 2868.7,422.13 2707.3,461.81 2685,470 2630.1,490.19 2609.4,486.88 2566,526 2532.1,556.51\
 2528.2,612.89 2529.4,647.46", lp="3505.5,348"];
	6 -> 8 [label="  1.0", pos="e,3446.1,768.89 3334.1,19.456 3498.4,22.271 4358.2,37.783 4474,56 4569.1,70.95 4668,104.52 4668,113 4668,254 4668,254 4668,254 4668\
,693.67 4239.4,680.12 3803,734 3676.2,749.66 3525.1,762.53 3456.4,768.07", lp="4666.5,395"];
	6 -> 7 [label="  1.0", pos="e,1678.8,958.38 3279.7,19.087 3019.4,19.958 983,27.671 928,56 615.24,217.11 814.28,626.97 1103,828 1152.3,862.32 1169.5,863.52 1226\
,884 1383.8,941.24 1586.4,954.81 1668.7,958.01", lp="835.5,489"];
	6 -> 5 [label="  1.0", pos="e,2074.8,863.78 3279.9,19.047 3023.7,19.539 1034.5,24.371 983,56 918.62,95.57 934.96,165.32 980,226 1083.5,365.43 1184.5,314.13 \
1312,432 1380.9,495.65 1372,534.42 1437,602 1530,698.64 1561.3,715.84 1673,790 1686.9,799.24 1691.5,799.67 1706,808 1720.9,816.55\
 1722.7,822.55 1739,828 1798.7,848 1984.6,859.25 2064.7,863.28", lp="1344.5,442"];
	6 -> 4 [label="  1.0", pos="e,3204.7,1047.2 3334,19.147 3527.6,20.262 4696.1,28.138 4765,56 4799.7,70.036 4827,75.569 4827,113 4827,348 4827,348 4827,348 4827\
,484.89 4815.3,533.78 4729,640 4650.5,736.57 4583.6,711.52 4505,808 4452.3,872.74 4490.1,925.67 4425,978 4365.7,1025.7 4333.6,\
1006.8 4258,1016 4043.1,1042.2 3499.4,1012.7 3284,1034 3260.8,1036.3 3235,1040.9 3214.7,1045.1", lp="4814.5,536"];
	6 -> 3 [label="  1.0", pos="e,3852.2,1227.5 3334.2,19.264 3545.3,21.356 4916.5,35.695 5001,56 5057.6,69.613 5119,54.757 5119,113 5119,630 5119,630 5119,630 \
5119,764.38 5046.4,785.51 4955,884 4926.9,914.23 4911.6,912.36 4881,940 4821.5,993.73 4816,1016.7 4758,1072 4711.2,1116.6 4703.3\
,1134.2 4647,1166 4601.3,1191.9 4586.7,1194.7 4535,1204 4388.4,1230.2 4008.1,1180.6 3865,1222 3863.8,1222.4 3862.6,1222.8 3861.3\
,1223.2", lp="5131.5,630"];
	6 -> 2 [label="  1.0", pos="e,2228.9,1334.7 3279.6,19.165 2981.6,20.979 348.39,37.516 271,56 215.13,69.345 155,55.557 155,113 155,630 155,630 155,630 155,704.77\
 169.12,725.53 207,790 264.75,888.29 460.36,1104 556,1166 664.72,1236.5 706.46,1227.9 832,1260 927.28,1284.4 952.16,1288 1050\
,1298 1285,1322 2041.9,1332.4 2218.8,1334.6", lp="174.5,677"];
	6 -> 1 [label="  1.0", pos="e,2100.7,1145.5 3279.8,19.058 2996.9,19.699 598.21,26.007 452,56 386.99,69.335 314,46.641 314,113 314,348 314,348 314,348 314,455.09\
 440.49,705.29 506,790 513.94,800.27 520.45,798.23 529,808 567.71,852.22 557.21,877.85 596,922 640.95,973.16 656.27,985.2 717\
,1016 742.97,1029.2 754.9,1019.2 780,1034 800.59,1046.1 796.54,1061.5 818,1072 940.73,1132 986.8,1099.5 1123,1110 1396.1,1131 1465.3\
,1117.3 1739,1128 1868.2,1133 2021.4,1141.1 2090.7,1144.9", lp="409.5,583"];
	6 -> 0 [label="  1.0", pos="e,2100.8,1428.9 3279.6,19.043 2972.5,19.557 188,25.071 110,56 75.204,69.797 48,75.569 48,113 48,1335 48,1335 48,1335 48,1388.1 101.66\
,1378.4 153,1392 250.2,1417.7 1826.5,1427.4 2090.6,1428.8", lp="60.5,724"];
	5 -> 15 [label="  1.0", pos="e,1953.7,314.12 2075.3,861.03 2049.6,856.28 2010.3,846.53 1981,828 1933.1,797.76 1916.1,786.55 1895,734 1835.7,586.27 1862.7,528.91\
 1907,376 1912.3,357.67 1914.8,352.67 1927,338 1932.3,331.6 1938.9,325.58 1945.5,320.33", lp="1873.5,583"];
	5 -> 14 [label="  1.0", pos="e,2341.6,117.48 2074.8,863.23 2008.4,858.68 1839.5,845.7 1786,828 1753.9,817.37 1746.5,811.03 1720,790 1675.2,754.45 1665.6,742.35\
 1632,696 1604.1,657.42 1540.8,554.15 1529,508 1504.1,410.65 1498,375.03 1536,282 1576.4,183.06 1631.6,167.75 1737,150 1953.6,\
113.5 2012.1,151.11 2231,132 2265.3,129.01 2304.1,123.42 2331.6,119.07", lp="1541.5,489"];
	5 -> 13 [label="  1.0", pos="e,2389.2,209.68 2075,862.69 2037,858.79 1965.9,849.17 1909,828 1881.5,817.76 1694.7,721.43 1680,696 1662.2,665.17 1630.6,689.88 \
1741,338 1749.2,311.99 1744.5,298.7 1766,282 1845.6,220.26 2115.6,234.77 2216,226 2272.9,221.03 2338.9,214.64 2379,210.68", lp="1698.5,536"];
	5 -> 12 [label="  1.0", pos="e,3502.9,396.31 2116.2,848.81 2147.3,813.48 2224.1,727.05 2292,658 2309.2,640.51 2313.4,635.93 2332,620 2363.1,593.44 2371.4,587.27\
 2405,564 2443.7,537.19 2458.1,537.29 2495,508 2513.7,493.15 2513.5,483.77 2533,470 2565.2,447.31 2574.8,441.35 2613,432 2720.1\
,405.8 2998.8,418.49 3109,414 3250.8,408.23 3419.4,400.3 3492.8,396.79", lp="2344.5,630"];
	5 -> 11 [label="  1.0", pos="e,3550.8,489.82 2127.1,857.5 2146.5,851.16 2173.4,841.01 2195,828 2294.6,767.91 2294.9,718.93 2394,658 2440.2,629.61 2566.8,578.39\
 2619,564 2673.5,548.98 2692.5,567.04 2745,546 2759.2,540.31 2758.5,531 2773,526 2809.6,513.32 3386.4,494.86 3540.4,490.13", lp="2406.5,677"];
	5 -> 10 [label="  1.0", pos="e,3548.7,591.35 2129,863.06 2186.7,858.69 2326.3,846.96 2442,828 2482.9,821.31 2492,813.65 2533,808 2671,788.98 2710.1,820.61 2846\
,790 2910.6,775.46 2928,769.25 2984,734 2995.2,726.96 2994.3,720.05 3006,714 3110.7,660.1 3148.9,678.02 3265,658 3326.4,647.41\
 3343.3,654.02 3404,640 3410.8,638.43 3491.7,610.83 3539.1,594.62", lp="3018.5,724"];
	5 -> 9 [label="  1.0", pos="e,2519.8,694.31 2128.1,859.38 2147.8,855.27 2175.5,849.79 2200,846 2268.5,835.39 2290.3,852.94 2355,828 2369.3,822.5 2369.3,814.83\
 2383,808 2406.8,796.13 2418,804.93 2440,790 2457.8,777.9 2492.6,731.94 2513.9,702.5", lp="2487.5,771"];
	5 -> 8 [label="  1.0", pos="e,3391.8,772.02 2129,863.93 2254,858.93 2772,837.69 2805,828 2822.2,822.95 2822.8,813.15 2840,808 2891.6,792.51 3261.7,777.06 3381.6\
,772.41", lp="2852.5,818"];
	5 -> 7 [label="  1.0", pos="e,1728.3,947.8 2076.8,872.18 2062.3,876.1 2043.8,880.8 2027,884 1965.8,895.67 1944.8,876.47 1888,902 1875.6,907.55 1877.3,916.29\
 1865,922 1817.7,943.98 1799.1,925.33 1749,940 1745.3,941.07 1741.6,942.39 1737.9,943.82", lp="1900.5,912"];
	5 -> 6 [label="  1.0", pos="e,3279.6,19.036 2075,863.44 1998.1,858.85 1778.9,844.64 1709,828 1664,817.28 1652.4,812.55 1612,790 1536,747.64 1037.4,390.17 986\
,320 916.22,224.73 856.04,118.87 956,56 1007.1,23.865 2971.5,19.525 3269.3,19.052", lp="1150.5,442"];
	5 -> 4 [label="  1.0", pos="e,3151.9,1052.4 2128.9,867.35 2206,874.17 2424.5,893.97 2456,902 2540.9,923.67 2553.8,953.62 2638,978 2683.9,991.29 2699.9,977.65\
 2744,996 2758.1,1001.9 2757.7,1010.7 2772,1016 2839.3,1041 3054.4,1049.6 3141.7,1052.1", lp="2650.5,959"];
	5 -> 3 [label="  1.0", pos="e,3806.3,1237.4 2126,874.03 2137.1,877.8 2150.5,881.81 2163,884 2333.9,914.05 2380.3,885.04 2553,902 2665.7,913.07 2693.5,920.15\
 2805,940 2887.6,954.71 2907.1,965.05 2990,978 3018.7,982.48 3484.2,1020.6 3510,1034 3599.2,1080.3 3572.3,1153.2 3659,1204 3681.9\
,1217.4 3752.4,1229.5 3796.3,1236", lp="3569.5,1053"];
	5 -> 2 [label="  1.0", pos="e,2230.6,1328.2 2079.7,875.82 2016.3,908.16 1842.8,1008.2 1899,1110 1969.2,1237.3 2145.1,1302.4 2220.6,1325.3", lp="1911.5,1100"];
	5 -> 1 [label="  1.0", pos="e,2101.5,1142.2 2090.4,882.16 2067.3,916.22 2017.9,989.61 2016,996 2013.5,1004.5 2014.8,1007.2 2016,1016 2021.6,1058.9 2012.7,1077.3\
 2041,1110 2053.9,1124.9 2074,1134 2091.5,1139.4", lp="2028.5,1006"];
	5 -> 0 [label="  1.0", pos="e,2100.8,1428.1 2077.1,872.47 2055.8,879.22 2024.3,889.92 1998,902 1981.7,909.48 1979,913.98 1963,922 1888,959.54 1316.1,1151.9 \
1270,1222 1260.7,1236.1 1259.3,1247 1270,1260 1376.6,1389.7 1939.5,1421.4 2090.6,1427.7", lp="1448.5,1147"];
	4 -> 15 [label="  1.0", pos="e,2000.3,305.75 3151.9,1051.9 3078.5,1047.6 2872.9,1026.2 2749,922 2733.3,908.83 2733.8,901.36 2723,884 2658.5,780.7 2659.4,738.47\
 2568,658 2442.1,547.24 2389.2,548.34 2252,452 2183.2,403.68 2176.2,375.71 2101,338 2072,323.45 2036.3,313.69 2010.2,307.87", lp="2618.5,677"];
	4 -> 14 [label="  1.0", pos="e,2391.3,122.73 3152,1052.2 3076.1,1049.7 2862.3,1040.5 2797,1016 2782.7,1010.6 2782.5,1003.2 2769,996 2748.9,985.29 2741.3,988.31\
 2721,978 2693.5,964.06 2691.3,952.09 2663,940 2593.8,910.47 2572.2,914.75 2498,902 2463.4,896.05 2364.4,910.21 2341,884 2329.8\
,871.4 2333.9,861.33 2341,846 2357.2,811.09 2390.8,824.91 2407,790 2414.1,774.67 2414.5,767.11 2407,752 2370,677.88 2295,714.12\
 2258,640 2234.8,593.62 2130.6,620.96 2278,470 2313.8,433.3 2347.2,476.93 2392,452 2459.7,414.33 2479,392.65 2506,320 2534.7,242.77\
 2489.9,208.65 2432,150 2423,140.86 2411.2,133.22 2400.3,127.3", lp="2222.5,583"];
	4 -> 13 [label="  1.0", pos="e,2429.5,223.68 3179,1033.7 3178.4,1010.7 3175.7,971.63 3165,940 3127.5,829.65 3127.5,780.79 3032,714 2995.7,688.62 2974.4,714.08\
 2934,696 2908.8,684.75 2908.9,671.64 2885,658 2826,624.43 2798.3,641.36 2743,602 2734.4,595.87 2662.2,507.56 2585,414 2530.9,348.45\
 2467.7,270.74 2436.1,231.82", lp="2855.5,630"];
	4 -> 12 [label="  1.0", pos="e,3556.8,397.38 3205.2,1047.2 3226.3,1042.8 3256.9,1037 3284,1034 3383.5,1023.1 3638.8,1046.9 3734,1016 3749.2,1011.1 3749,1001.6\
 3764,996 3820.6,974.66 3839.7,990.18 3899,978 3974.9,962.39 4183.7,942.14 4235,884 4282.4,830.22 4315.3,624.62 4277,564 4224.9\
,481.66 4170.7,502.93 4079,470 4013.9,446.6 3996.2,443.68 3928,432 3910.3,428.98 3662.2,406.75 3566.9,398.27", lp="4301.5,724"];
	4 -> 11 [label="  1.0", pos="e,3597.8,502.13 3205.6,1048.4 3229.9,1044.3 3266.8,1038.3 3299,1034 3374.3,1024.1 3400.6,1049.2 3469,1016 3678,914.6 3748.1,856.62\
 3832,640 3845.6,604.97 3824.2,587.63 3795,564 3759,534.88 3742.4,539.13 3698,526 3659.7,514.68 3647.2,522.39 3610,508 3609,507.6\
 3607.9,507.18 3606.9,506.72", lp="3794.5,771"];
	4 -> 10 [label="  1.0", pos="e,3594.4,595.11 3205.5,1049.1 3249.3,1042.4 3335,1028.3 3363,1016 3433.3,985.05 3543.2,868.26 3573,828 3620.9,763.37 3648.2,737.33\
 3635,658 3632.1,640.39 3632.5,634.46 3622,620 3616.8,612.8 3609.8,606.37 3602.7,600.96", lp="3599.5,818"];
	4 -> 9 [label="  1.0", pos="e,2557.4,684.08 3154.9,1044.3 3125.7,1032.8 3076.1,1010.1 3043,978 2994.1,930.54 3007.8,898.99 2965,846 2926.2,798.06 2912.6,788.66\
 2863,752 2849.5,742.05 2813.9,719.14 2798,714 2718.5,688.33 2693.3,709.8 2611,696 2596.6,693.59 2580.9,690.01 2567.3,686.62", lp="3000.5,865"];
	4 -> 8 [label="  1.0", pos="e,3410.5,789.16 3204.6,1046.5 3223.7,1040.8 3249.8,1030.9 3269,1016 3310.1,984.05 3311.2,966.03 3339,922 3365.3,880.36 3391.1,829.22\
 3406.1,798.41", lp="3363.5,912"];
	4 -> 7 [label="  1.0", pos="e,1732.9,962.22 3151.8,1052.5 3042.4,1050.1 2624.2,1040.1 2281,1016 2077.4,1001.7 1834.3,974.14 1743,963.42", lp="2293.5,1006"];
	4 -> 6 [label="  1.0", pos="e,3334.1,19.454 3205.2,1047.2 3226.3,1042.8 3256.9,1036.9 3284,1034 3697.4,988.99 3814.3,1077.6 4218,978 4309.1,955.53 4338.3,947.86\
 4407,884 4418.4,873.41 4751,457.56 4751,442 4751,442 4751,442 4751,113 4751,104.53 4641.4,71.163 4535,56 4414.8,38.872 3537\
,22.942 3344.3,19.629", lp="4702.5,536"];
	4 -> 5 [label="  1.0", pos="e,2128.6,869.41 3152,1051.7 3069.9,1047.7 2824.6,1034.4 2747,1016 2723.7,1010.5 2720.2,1001.7 2697,996 2620.6,977.22 2598,994.14\
 2521,978 2413.2,955.38 2391.6,929.85 2285,902 2234.7,888.86 2175.6,877.66 2138.4,871.13", lp="2533.5,959"];
	4 -> 3 [label="  1.0", pos="e,3805.9,1240.1 3191.2,1070.4 3209.8,1095.3 3247.3,1141 3290,1166 3291.7,1167 3428,1203.6 3430,1204 3563.2,1228 3724.1,1236.8 3795.6\
,1239.7", lp="3302.5,1147"];
	4 -> 2 [label="  1.0", pos="e,2283.3,1334.5 3168.6,1070.6 3148.9,1103.7 3108.1,1172.8 3102,1184 3075.2,1233.7 3093.2,1267 3046,1298 3014.2,1318.8 2446.3,1331.3\
 2293.6,1334.3", lp="3114.5,1194"];
	4 -> 1 [label="  1.0", pos="e,2155.1,1146.4 3153.1,1058.8 3130.3,1064.5 3096.5,1074.8 3070,1090 3058.3,1096.7 3059.6,1105 3047,1110 3005.4,1126.5 2332.5,1142.5\
 2165.4,1146.2", lp="3082.5,1100"];
	4 -> 0 [label="  1.0", pos="e,2155,1428.9 3205.5,1057.6 3308.7,1075.7 3683.6,1142.9 3797,1184 3831,1196.3 3850.3,1191 3869,1222 3877.7,1236.5 3875.7,1244.5 \
3869,1260 3811.8,1391.3 3717.4,1376.3 3575,1392 3289.9,1423.5 2362.5,1428.2 2165.1,1428.9", lp="3886.5,1241"];
	3 -> 15 [label="  1.0", pos="e,2001.3,301.36 3852.7,1227.6 3856.6,1225.4 3860.8,1223.4 3865,1222 3923.9,1201.7 3942.5,1214 4004,1204 4135,1182.8 4297,1279.7 \
4297,1147 4297,1147 4297,1147 4297,1006 4297,961.86 4337.7,964.41 4350,922 4352.5,913.46 4350.7,910.86 4350,902 4335.2,701.52 4397.1\
,557.35 4216,470 4085.6,407.07 4038.2,435.42 3895,414 3727.7,388.97 3690.1,356.98 3522,338 3367.8,320.59 2233,304.49 2011.4,\
301.5", lp="4360.5,771"];
	3 -> 14 [label="  1.0", pos="e,2395.2,114.53 3852.3,1227.5 3856.3,1225.3 3860.7,1223.3 3865,1222 3996.1,1183.9 4344.5,1227.5 4479,1204 4577.7,1186.8 4606.1,1173\
 4684,1110 4937.6,904.83 4885.7,631.61 4683,376 4602.5,274.46 4550.5,267.42 4423,244 4186.6,200.55 4124.4,210.47 3885,188 3789.5\
,179.04 3764.1,188.2 3670,170 3640.3,164.26 3634.8,154.82 3605,150 3421.3,120.36 2953.9,138.41 2768,132 2634.5,127.39 2476.1,\
119 2405.3,115.1", lp="4857.5,677"];
	3 -> 13 [label="  1.0", pos="e,2443.4,207.64 3852.3,1227.5 3856.3,1225.3 3860.7,1223.3 3865,1222 3921.5,1205.4 4340.8,1227.1 4395,1204 4417.3,1194.5 4417.8,1184\
 4434,1166 4460.3,1136.7 4634.9,920.79 4649,884 4701.9,745.93 4646.1,682.78 4558,564 4522.2,515.77 4512.2,501.28 4461,470 4419.4\
,444.58 4404.9,445.54 4358,432 4242.8,398.71 4212.2,396.3 4094,376 3966.8,354.14 3934.2,353.16 3806,338 3729.7,328.97 3709.7,\
333.35 3634,320 3565.4,307.9 3550.8,292.88 3482,282 3367.2,263.83 3333,295.17 3221,264 3202.2,258.78 3200.8,249.03 3182,244 3111.3\
,225.12 2597.6,211.39 2453.5,207.88", lp="4674.5,724"];
	3 -> 12 [label="  1.0", pos="e,3556.8,397.45 3852.3,1227.5 3856.3,1225.3 3860.7,1223.3 3865,1222 3912.6,1207.9 4272.7,1235.5 4311,1204 4389.5,1139.3 4407.5,851\
 4384,752 4347.2,596.79 4311.7,524.96 4162,470 3987.7,406.03 3933.1,428.95 3748,414 3684.3,408.86 3610.3,402.27 3566.9,398.36", lp="4404.5,818"];
	3 -> 11 [label="  1.0", pos="e,3597.3,502.47 3852.7,1227.7 3856.7,1225.5 3860.9,1223.5 3865,1222 3912,1204.9 3931.8,1227.4 3976,1204 4037.7,1171.4 4031.8,1136.3\
 4084,1090 4146.5,1034.6 4197.4,1052.6 4235,978 4242.6,962.91 4238.5,956.51 4235,940 4213.5,839.52 4122.8,567.98 4029,526 3943.9\
,487.93 3699.3,534.59 3610,508 3608.8,507.64 3607.6,507.22 3606.3,506.75", lp="4232.5,865"];
	3 -> 10 [label="  1.0", pos="e,3598.5,590.13 3848.3,1225.1 3853.5,1218.9 3859.1,1211.5 3863,1204 3871.1,1188.4 3870,1183.1 3874,1166 3910.4,1010.1 3985.4,951.31\
 3914,808 3851.5,682.48 3682.2,616.64 3608.3,593.16", lp="3955.5,912"];
	3 -> 9 [label="  1.0", pos="e,2557,684.44 3841.2,1222.5 3843.5,1216.7 3845.7,1210.2 3847,1204 3871.7,1089.1 3894.4,1052.7 3861,940 3823.9,814.72 3760.6,788 \
3635,752 3489.7,710.34 3447.8,724.44 3297,714 2992.7,692.94 2913.4,735.88 2611,696 2596.4,694.07 2580.6,690.56 2566.9,687.07", lp="3882.5,959"];
	3 -> 8 [label="  1.0", pos="e,3444.9,776.43 3825,1222.7 3790.4,1143.8 3653.6,835.98 3616,808 3578.7,780.26 3558.7,798.6 3513,790 3493.7,786.37 3472.3,782.05\
 3454.7,778.45", lp="3742.5,1006"];
	3 -> 7 [label="  1.0", pos="e,1733.2,959.8 3805.7,1240.8 3717.1,1239.9 3438.8,1234.5 3355,1204 3340.6,1198.8 3341,1190.1 3327,1184 3290,1167.9 3277.5,1174.1\
 3238,1166 3230.6,1164.5 2976.6,1113.7 2970,1110 2959.3,1104 2961.3,1096.6 2951,1090 2886.6,1048.6 2862,1053.9 2788,1034 2748.2,\
1023.3 2736.4,1028 2697,1016 2674.9,1009.3 2671.6,1001 2649,996 2604.1,986.1 1913.1,965.12 1743.4,960.1", lp="2982.5,1100"];
	3 -> 6 [label="  1.0", pos="e,3334.3,19.228 3852.3,1227.5 3856.3,1225.3 3860.7,1223.3 3865,1222 3983.7,1187.4 4306.4,1250.3 4421,1204 4444.3,1194.6 4444.9,1183.5\
 4463,1166 4529.6,1101.5 4548.6,1087.2 4608,1016 4667.6,944.6 4670.5,917.5 4730,846 4789.1,774.95 4815.2,767.28 4874,696 4929.4\
,628.85 4987,623.06 4987,536 4987,536 4987,536 4987,113 4987,26.539 4886.3,69.866 4801,56 4653.5,32.038 3561.7,21.24 3344.5,\
19.318", lp="4966.5,630"];
	3 -> 5 [label="  1.0", pos="e,2126,873.99 3805.8,1239.3 3765.6,1236.2 3688.3,1227.4 3627,1204 3492,1152.6 3486.8,1080.3 3350,1034 3346.4,1032.8 2808.7,978.7\
 2805,978 2742.5,966.26 2729.2,953.56 2667,940 2618.2,929.35 2604.5,934.19 2556,922 2529.6,915.35 2524.8,907.23 2498,902 2351.7,\
873.42 2309.8,910.37 2163,884 2154,882.37 2144.4,879.81 2135.6,877.09", lp="3441.5,1053"];
	3 -> 4 [label="  1.0", pos="e,3200.4,1064.8 3805.8,1239.8 3730.6,1236.1 3520.8,1224.3 3455,1204 3451.7,1203 3280.3,1108.7 3209.3,1069.7", lp="3393.5,1147"];
	3 -> 0 [label="  1.0", pos="e,2155.2,1428.8 3809.7,1250.8 3732.7,1283 3489.5,1384.3 3452,1392 3323.2,1418.5 2367.2,1427.2 2165.3,1428.7", lp="3659.5,1335"];
	3 -> 2 [label="  1.0", pos="e,2283.2,1334.6 3805.8,1242.1 3710.1,1246.1 3393,1260.4 3351,1278 3338.5,1283.2 3340.6,1293 3328,1298 3278.9,1317.3 2477.6,1331.4\
 2293.5,1334.4", lp="3363.5,1288"];
	2 -> 15 [label="  1.0", pos="e,1946.9,302.64 2229,1334.6 2071.9,1332.4 1281,1320.3 1235,1298 1205.1,1283.5 1163.6,1205.2 1138,1184 1047.4,1109 908,1170.6 908\
,1053 908,1053 908,1053 908,912 908,844.32 1227.7,471 1283,432 1391.3,355.63 1436.3,365.05 1566,338 1636.3,323.33 1849.8,308.77 \
1936.7,303.28", lp="975.5,818"];
	2 -> 14 [label="  1.0", pos="e,2341,113.2 2228.9,1334.9 2083.4,1334.5 1395,1330.6 1185,1298 970.6,1264.7 907.71,1265.7 715,1166 597.81,1105.4 297,841.75 330,\
714 344.23,658.91 370.21,654.56 392,602 432.37,504.62 399.78,459.6 464,376 517.1,306.87 559.3,321.29 625,264 659.61,233.82 656.17\
,212.51 695,188 707.1,180.36 803.88,152.3 818,150 971.4,124.97 2109.7,114.99 2330.8,113.27", lp="342.5,724"];
	2 -> 13 [label="  1.0", pos="e,2389.2,210.21 2228.9,1334.5 2069.6,1331.5 1259.4,1315.4 1210,1298 1208.7,1297.6 1058.2,1184.6 1057,1184 988.45,1148 772.11,1134.9\
 727,1072 717.16,1058.3 726.34,1050.9 727,1034 734.19,849.41 690.44,789.46 764,620 805.12,525.26 991.51,329.93 1083,282 1110.3\
,267.69 1120.7,273.74 1150,264 1172.7,256.44 1176.5,248.73 1200,244 1310.7,221.67 2103.3,232.34 2216,226 2273.1,222.79 2339,215.9\
 2379.1,211.36", lp="737.5,771"];
	2 -> 12 [label="  1.0", pos="e,3557.2,395.97 2283.1,1334.6 2521.7,1330.9 4256.3,1304.3 4309,1298 4498.9,1275.3 4590.7,1336.1 4729,1204 4875.4,1064.2 4785.9,920.02\
 4673,752 4579.4,612.75 4507.7,622.45 4385,508 4367.8,491.92 4366.5,484.59 4348,470 4322,449.53 4315.7,441.54 4284,432 4249.4\
,421.59 3715.1,401.67 3567.5,396.34", lp="4767.5,865"];
	2 -> 11 [label="  1.0", pos="e,3597.3,502.48 2283,1334.6 2513.8,1331 4144.4,1305.3 4168,1298 4240.7,1275.5 4274.9,1270.9 4311,1204 4349.9,1131.9 4315.1,773.58\
 4284,714 4223.3,597.91 4179.3,572.88 4057,526 3964.2,490.42 3705.3,536.24 3610,508 3608.8,507.64 3607.6,507.22 3606.3,506.76", lp="4333.5,912"];
	2 -> 10 [label="  1.0", pos="e,3600.3,585.1 2283.1,1334.5 2445.2,1331.5 3287.8,1315.4 3546,1298 3753.3,1284 3864,1357.6 4004,1204 4139.7,1055.1 4080.5,920.45\
 3970,752 3967,747.38 3826,622.34 3821,620 3784.3,602.9 3670.2,591.13 3610.4,585.96", lp="4089.5,959"];
	2 -> 9 [label="  1.0", pos="e,2557.1,684.07 2283.3,1334.9 2432.1,1334.5 3142.3,1330.5 3234,1298 3257,1289.8 3397.8,1187.2 3410,1166 3439.3,1115 3449.5,1085.5\
 3421,1034 3352.8,911.04 2989.2,797.93 2864,734 2848.4,726.03 2846.7,719.3 2830,714 2736.9,684.5 2707.4,711.46 2611,696 2596.5,\
693.67 2580.6,690.08 2567,686.65", lp="3420.5,1006"];
	2 -> 8 [label="  1.0", pos="e,3425.7,789.59 2283.4,1334.8 2416.9,1333.8 2995.6,1327.6 3070,1298 3145.2,1268.1 3265.1,1092.6 3321,1034 3368.3,984.42 3403.2,986.28\
 3427,922 3444.6,874.47 3437.3,858.16 3430,808 3429.6,805.14 3429,802.19 3428.3,799.27", lp="3333.5,1053"];
	2 -> 7 [label="  1.0", pos="e,1698.5,977.5 2229.3,1331.4 2196.6,1327.2 2139.3,1320.2 2090,1316 2053.4,1312.9 1793.3,1313.4 1760,1298 1696.7,1268.7 1691.6,1233.8\
 1675,1166 1659.6,1103 1680.7,1027.2 1694.9,987.13", lp="1687.5,1147"];
	2 -> 6 [label="  1.0", pos="e,3279.6,19.085 2228.9,1334.7 2062.4,1333.1 1174.8,1323.2 904,1298 797.34,1288.1 770.61,1283.1 666,1260 524.57,1228.8 466.57,1257.1\
 354,1166 342.93,1157 94,738.24 94,724 94,724 94,724 94,113 94,70.778 130.02,69.588 170,56 247.12,29.788 2920.5,20.252 3269.6\
,19.118", lp="106.5,677"];
	2 -> 5 [label="  1.0", pos="e,2128,870.65 2262.7,1316.5 2267.8,1301.5 2274.3,1279.7 2277,1260 2279.3,1243.3 2279.4,1238.7 2277,1222 2256.3,1075.3 2281.5,1013.5\
 2184,902 2172,888.27 2153.9,879.37 2137.7,873.74", lp="2278.5,1100"];
	2 -> 4 [label="  1.0", pos="e,3163.5,1069.1 2283.2,1334.3 2394.5,1331.1 2810.8,1318.1 2866,1298 2998,1250 3012.8,1200.8 3120,1110 3132.4,1099.5 3145.5,1087 \
3156.2,1076.4", lp="3051.5,1194"];
	2 -> 3 [label="  1.0", pos="e,3805.9,1243.9 2283.3,1334.5 2433,1331.7 3154.1,1317.3 3376,1298 3439.1,1292.5 3454.2,1286.1 3517,1278 3617.8,1265 3736.9,1251.6\
 3795.9,1245", lp="3529.5,1288"];
	2 -> 1 [label=" 10.0", pos="e,2153.1,1154 2255,1316 2252.4,1284.3 2242.5,1220.5 2206,1184 2194,1172 2177.4,1163.4 2162.5,1157.5", lp="2259,1241"];
	2 -> 0 [label="  1.0", pos="e,2154.8,1426 2252.9,1353.9 2250,1366.3 2244.4,1381.9 2234,1392 2215.3,1410.1 2187.3,1419.4 2164.7,1424.1", lp="2258.5,1382"];
	1 -> 15 [label="  1.0", pos="e,1946.9,302.62 2101,1145.7 1973.5,1139.4 1438.1,1112.9 1430,1110 1403,1100.4 1399.7,1090.6 1378,1072 1359.9,1056.5 1360.1,1046.9\
 1340,1034 1320.8,1021.7 1310.1,1029.9 1292,1016 1275.6,1003.4 1272.5,997.31 1265,978 1177.4,752.91 1265.3,615.57 1458,470 1566.8\
,387.8 1604.7,378.19 1735,338 1804.4,316.6 1889.1,307.23 1936.7,303.4", lp="1261.5,724"];
	1 -> 14 [label="  1.0", pos="e,2340.7,113.04 2100.7,1145.5 2037.2,1142.1 1874.8,1133.5 1739,1128 1676.5,1125.5 1235.3,1130.1 1176,1110 1161.5,1105.1 1162.3,1095.4\
 1148,1090 1070.2,1060.9 1039.8,1101.1 962,1072 894.54,1046.8 746.68,937.08 698,884 599.05,776.12 603.68,709.47 620,564 645.45\
,337.15 701.6,201.48 924,150 1064.5,117.48 2118,113.53 2330.7,113.06", lp="627.5,630"];
	1 -> 13 [label="  1.0", pos="e,2389.2,210.19 2100.6,1145.6 2037.1,1142.3 1874.8,1134.1 1739,1128 1690.3,1125.8 1347.1,1125.8 1301,1110 1286.5,1105 1286.2,1097.7\
 1273,1090 1205.7,1050.7 1176.6,1062.4 1114,1016 915.86,869.02 969.58,712.67 1014,470 1021.7,427.79 1005.1,405.78 1036,376 1066\
,347.08 1091.3,377.7 1128,358 1169.8,335.56 1163.4,308.11 1203,282 1241.7,256.52 1254.6,253.04 1300,244 1399.8,224.12 2114.4,231.82\
 2216,226 2273.1,222.73 2339,215.86 2379.1,211.34", lp="992.5,677"];
	1 -> 12 [label="  1.0", pos="e,3502.9,397.17 2148.7,1134.7 2159.2,1128 2171.8,1119.2 2182,1110 2255.5,1043.6 2258.4,1012.3 2326,940 2346.5,918.08 2395.9,858.86\
 2423,846 2485.7,816.29 2513.3,852.94 2578,828 2592.3,822.5 2593.1,816.24 2606,808 2662,772.19 2683.4,774.66 2736,734 2791.9,690.75\
 2783.9,651.85 2847,620 2899.9,593.34 2928.1,632.22 2979,602 2997,591.29 2991.2,577.78 3007,564 3063.4,514.89 3255,458.45 3270\
,452 3289,443.85 3292.3,438.23 3312,432 3373.7,412.49 3448.7,402.63 3492.7,398.17", lp="2722.5,771"];
	1 -> 11 [label="  1.0", pos="e,3551.4,493.07 2155.3,1146.6 2213.2,1145.1 2345.9,1138.6 2379,1110 2438.7,1058.4 2375.6,997.1 2430,940 2446.6,922.6 2462.1,936.82\
 2481,922 2512.8,897.08 2496.9,867.68 2531,846 2578.4,815.9 2600.5,836.61 2656,828 2709.4,819.7 2722.5,815.75 2776,808 2840.7,\
798.62 2864.4,820.94 2922,790 2961.2,768.97 2951.8,741.1 2987,714 3078.1,643.95 3126.3,668.45 3220,602 3239.5,588.19 3237.5,576.33\
 3258,564 3305.9,535.15 3467.8,506.54 3541.2,494.69", lp="2788.5,818"];
	1 -> 10 [label="  1.0", pos="e,3550.5,593.51 2155.1,1145.8 2250.5,1141.6 2566.7,1126.6 2609,1110 2659.7,1090.2 2662.3,1067.8 2705,1034 2757.9,992.19 2769.9,980.23\
 2824,940 2858.8,914.09 2872,913.29 2904,884 2920.3,869.1 2916.8,856.95 2936,846 2977.9,822.09 2995.9,838.15 3043,828 3077.1\
,820.65 3084.9,815.35 3119,808 3166.1,797.85 3183.8,813.29 3226,790 3294.9,752 3275.2,696.22 3344,658 3384.6,635.43 3402.6,653.59\
 3447,640 3456.9,636.98 3522.6,606.29 3532,602 3535,600.63 3538.1,599.21 3541.2,597.77", lp="2948.5,865"];
	1 -> 9 [label="  1.0", pos="e,2533.1,696.05 2132.6,1128.3 2135.3,1117.1 2138.8,1102.8 2142,1090 2163.8,1001.9 2167.3,974.52 2222,902 2244.2,872.61 2250.1,862.44\
 2283,846 2322.2,826.41 2339.6,845.15 2380,828 2394.1,822.02 2393.9,813.99 2408,808 2447.9,790.98 2472.4,819.8 2504,790 2526.6\
,768.63 2532.2,732.08 2533,706.35", lp="2234.5,912"];
	1 -> 8 [label="  1.0", pos="e,3396.8,782.43 2155.1,1146.4 2270.9,1143.5 2720.4,1131 2780,1110 2794.4,1104.9 2795.3,1098.5 2808,1090 2846.8,1064 2856.9,1057.9\
 2897,1034 3013.6,964.51 3045.8,952.39 3163,884 3219.5,851.05 3228.1,831.72 3289,808 3326.6,793.36 3339.7,802.57 3378,790 3381.1\
,788.97 3384.3,787.77 3387.5,786.48", lp="3075.5,959"];
	1 -> 7 [label="  1.0", pos="e,1708.7,978.09 2100.8,1145.7 2022.8,1141.7 1802.3,1128.8 1776,1110 1735.7,1081.2 1718,1023.4 1710.7,988.21", lp="1753.5,1053"];
	1 -> 6 [label="  1.0", pos="e,3279.6,19.093 2100.7,1145.4 2037.2,1141.7 1874.8,1132.7 1739,1128 1543.1,1121.2 1052.1,1129.4 857,1110 761.74,1100.5 729.43,1117.1\
 645,1072 512.21,1001 495.57,951.88 410,828 400.78,814.65 254,486.68 254,442 254,442 254,442 254,113 254,72.186 287.54,69.65\
 326,56 398.81,30.16 2930.5,20.33 3269.6,19.128", lp="322.5,583"];
	1 -> 5 [label="  1.0", pos="e,2084.3,879.82 2101.1,1143.8 2077.7,1139.7 2044.4,1130.4 2023,1110 1990.4,1078.9 1993.6,1060.2 1985,1016 1983.3,1007.3 1982.4,1004.5\
 1985,996 1993.8,967.25 2003.5,962.93 2023,940 2039.5,920.55 2060.6,900.77 2076.8,886.41", lp="1997.5,1006"];
	1 -> 4 [label="  1.0", pos="e,3151.9,1054.5 2155.1,1146.4 2298.1,1143.3 2959.7,1127.9 2999,1110 3010.2,1104.9 3007.4,1096.1 3018,1090 3056.7,1067.9 3107.8,1059\
 3141.9,1055.4", lp="3030.5,1100"];
	1 -> 3 [label="  1.0", pos="e,3805.8,1239.9 2155.3,1147.1 2301.4,1147.6 2992.9,1151.9 3204,1184 3237.3,1189.1 3243.8,1198.4 3277,1204 3377.3,1220.9 3687.9,1235\
 3795.7,1239.5", lp="3289.5,1194"];
	1 -> 2 [label=" 10.0", pos="e,2242.3,1318.3 2143.2,1162.9 2148.8,1169.2 2155,1176.7 2160,1184 2181.5,1215.5 2179.6,1227.7 2200,1260 2211,1277.5 2224.9,1296.1\
 2236.1,1310.4", lp="2214,1241"];
	0 -> 14 [label="  1.0", pos="e,2340.8,113.29 2101,1428.8 1870.5,1426.8 240.74,1411.9 195,1392 162.73,1377.9 140,1370.2 140,1335 140,1335 140,1335 140,818 140\
,774.47 295.49,505.98 320,470 350.72,424.9 363.26,417.24 399,376 435.69,333.66 443.59,321.82 483,282 555.07,209.17 571.99,172.25\
 672,150 755.65,131.39 2089.6,116.03 2330.8,113.4", lp="176.5,771"];
	1 -> 0 [label="  1.0", pos="e,2111.9,1413.6 2111.9,1162.4 2106.2,1168.6 2100.1,1176.2 2096,1184 2071.7,1229.9 2064.3,1246.6 2071,1298 2076.6,1340.9 2075.8,1353.8\
 2096,1392 2098.5,1396.8 2101.7,1401.4 2105.2,1405.8", lp="2083.5,1288"];
	0 -> 13 [label="  1.0", pos="e,2389.2,210.23 2101,1428.7 1886.8,1426.6 468.54,1411.7 381,1392 320.64,1378.4 254,1396.9 254,1335 254,1335 254,1335 254,1006 254\
,872.55 261.07,831.69 324,714 327.36,707.73 492.76,530.81 498,526 598.37,433.94 618.74,400.01 740,338 872.36,270.32 914.02,266.25\
 1061,244 1187.9,224.79 2087.8,233.07 2216,226 2273.1,222.85 2339,215.95 2379.1,211.39", lp="292.5,818"];
	0 -> 12 [label="  1.0", pos="e,3557,396.53 2155.2,1428.8 2442.8,1426.9 4920.3,1410.2 4993,1392 5046.4,1378.6 5103,1390.1 5103,1335 5103,1335 5103,1335 5103,912\
 5103,823.28 4863.9,713.86 4795,658 4742.9,615.78 4734.8,598.03 4677,564 4648.9,547.46 4436,464.6 4406,452 4385.1,443.22 4381.2\
,436.97 4359,432 4258.3,409.43 3998.1,418.68 3895,414 3775.2,408.56 3633.4,400.8 3567.3,397.11", lp="5115.5,912"];
	0 -> 11 [label="  1.0", pos="e,3597.3,502.51 2155.3,1428.9 2437,1427.6 4803.5,1416 4871,1392 4909.5,1378.3 4943,1375.8 4943,1335 4943,1335 4943,1335 4943,1100\
 4943,1051.1 4769.5,745.31 4732,714 4549.7,561.94 4446.4,631.64 4225,546 4204.6,538.1 4201.3,530.88 4180,526 4056.5,497.74 3731.7\
,543.47 3610,508 3608.8,507.64 3607.6,507.23 3606.3,506.77", lp="4904.5,959"];
	0 -> 10 [label="  1.0", pos="e,3600,584.54 2155.1,1428.9 2418.5,1427.5 4511.1,1416 4570,1392 4592.7,1382.7 4597.3,1375 4610,1354 4683.8,1232.2 4671.1,1153.1 \
4593,1034 4445.6,809.29 4316.6,841.42 4080,714 4027.5,685.71 4013.2,680.57 3958,658 3936.1,649.07 3928.9,650.97 3908,640 3894.5,\
632.9 3894.3,625.53 3880,620 3831.6,601.21 3680.9,589.68 3610.2,585.18", lp="4591.5,1006"];
	0 -> 9 [label="  1.0", pos="e,2512.8,690.53 2100.8,1428.7 1911.1,1426.8 791.84,1414.2 724,1392 681.83,1378.2 642,1379.4 642,1335 642,1335 642,1335 642,1100 \
642,975.53 1000.7,843.41 1120,808 1414.6,720.58 1498.7,738.9 1805,714 1882,707.74 2425.8,717.41 2500,696 2501.2,695.65 2502.4,695.24\
 2503.7,694.78", lp="684.5,1053"];
	0 -> 8 [label="  1.0", pos="e,3438.3,784.29 2155.3,1428.7 2349.2,1426.6 3517,1412.9 3673,1392 3742.9,1382.7 3759,1372.4 3827,1354 3969.2,1315.4 4056.8,1378.1\
 4145,1260 4198.7,1188.1 4172.6,1269.9 3823,978 3737.3,906.42 3740,853.49 3638,808 3561.7,773.99 3530.4,815.94 3451,790 3449.8,\
789.6 3448.6,789.16 3447.4,788.67", lp="4003.5,1100"];
	0 -> 7 [label="  1.0", pos="e,1679,960.19 2100.9,1428.5 1930.1,1425.6 1008.4,1408.9 985,1392 850.44,1294.9 955.11,1129.2 1091,1034 1136.8,1001.9 1156.1,1006.6\
 1211,996 1298.8,979.06 1569.3,965.28 1668.8,960.66", lp="962.5,1194"];
	0 -> 6 [label="  1.0", pos="e,3279.7,19.038 2100.7,1428.8 1860.6,1426.7 114.78,1411.2 65,1392 29.162,1378.1 0,1373.4 0,1335 0,1335 0,1335 0,113 0,75.569 27.203\
,69.794 62,56 140.42,24.912 2914.1,19.606 3269.6,19.053", lp="12.5,724"];
	0 -> 5 [label="  1.0", pos="e,2076.2,871.04 2100.8,1428.8 1979.7,1427.5 1490.7,1418.3 1354,1354 1300.3,1328.7 1277.1,1316.6 1259,1260 1238.8,1196.7 1276.1,1168.1\
 1329,1128 1484.7,1010.1 1561.6,1052.9 1742,978 1776.5,963.67 1781.6,951.88 1817,940 1859.8,925.64 1873.6,934.6 1917,922 1939.6\
,915.44 1943.7,909.55 1966,902 1999.5,890.65 2038.5,880.33 2066.2,873.48", lp="1341.5,1147"];
	0 -> 4 [label="  1.0", pos="e,3184.4,1071.9 2155.1,1428.4 2333.5,1424.1 3335.6,1395.8 3424,1298 3485.7,1229.7 3612.1,1367.3 3277,1184 3260.3,1174.8 3252.1,1178.9\
 3238,1166 3212.9,1143 3196.7,1106.8 3187.7,1081.6", lp="3438.5,1241"];
	0 -> 3 [label="  1.0", pos="e,3816.6,1256.5 2155.1,1428.9 2322.8,1428.4 3221,1423.9 3494,1392 3576.1,1382.4 3600.4,1387.3 3676,1354 3728,1331.1 3779.8,1289.2\
 3809,1263.3", lp="3751.5,1335"];
	0 -> 2 [label="  1.0", pos="e,2232.5,1344.5 2141.4,1412.3 2151.9,1400.1 2167.2,1383.7 2183,1372 2195.3,1362.9 2210.2,1354.9 2223.3,1348.7", lp="2195.5,1382"];
	0 -> 1 [label="  1.0", pos="e,2107.4,1159.9 2107.8,1416 2099,1409.6 2089.1,1401.3 2082,1392 2054.1,1355.8 2049.5,1342.8 2040,1298 2028.8,1245.3 2047.9,1226.5\
 2081,1184 2086.1,1177.4 2092.6,1171.4 2099.2,1166.1", lp="2052.5,1288"];
	1 -> 0 [color=blue, pos="e,2120.9,1410.5 2120.9,1165.6 2112.9,1213.7 2112.4,1342.5 2119.4,1400.2"];
	0 -> 2 [color=blue, pos="e,2244.4,1352.5 2152.6,1420.8 2169.3,1414.6 2191.2,1404.8 2208,1392 2219.4,1383.3 2230,1371.4 2238.3,1360.7"];
	1 -> 6 [color=blue, pos="e,3279.9,19.061 2100.7,1145.5 2037.2,1142 1874.8,1133.4 1739,1128 1477.8,1117.6 1411.5,1132.7 1151,1110 1147.3,1109.7 890.4,1073.5\
 887,1072 827.29,1046.3 702.66,935.48 663,884 585.56,783.47 466,474.9 466,348 466,348 466,348 466,113 466,49.912 534.34,69.363\
 596,56 732.67,26.378 2952.5,19.866 3269.4,19.086"];
	1 -> 14 [color=blue, pos="e,2340.9,113.38 2100.7,1145.6 2037.1,1142.3 1874.8,1134 1739,1128 1636.1,1123.5 1376.8,1131.1 1276,1110 1252.2,1105 1248.3,1096.9\
 1225,1090 1187.2,1078.8 1173.6,1089 1138,1072 1093.5,1050.7 818.13,833.58 795,790 747.78,701.02 765.44,663.94 778,564 808.54,320.95\
 943.36,247.46 1181,188 1406.7,131.52 2155.1,116.36 2330.8,113.54"];
	1 -> 13 [color=blue, pos="e,2389.2,210.1 2100.7,1145.7 1968.3,1139.2 1398.3,1111.5 1394,1110 1366.3,1100.4 1363.3,1089.8 1340,1072 1318.9,1055.9 1314.8,1050.4\
 1294,1034 1283.5,1025.8 1279.8,1025 1270,1016 1187.8,940.31 1153.3,927.8 1103,828 1047.8,718.53 1102.9,444.5 1111,432 1154.6\
,364.41 1390.6,310.62 1486,282 1551,262.49 1566.8,253.55 1634,244 1890.2,207.6 1957.7,242.25 2216,226 2273,222.41 2339,215.63 2379.1\
,211.22"];
	1 -> 15 [color=blue, pos="e,1947.6,306.11 2100.9,1146.1 2025.8,1143.2 1816.4,1133.2 1752,1110 1611.7,1059.4 1552.8,1048.6 1474,922 1424.8,842.91 1410.4,799.26\
 1448,714 1497.9,600.72 1752,400.16 1859,338 1883.5,323.78 1914.1,314.27 1937.6,308.45"];
	1 -> 12 [color=blue, pos="e,3508.5,406.78 2155,1145 2202.5,1140.9 2298.8,1130.3 2325,1110 2390.8,1058.9 2355.9,1008 2404,940 2406.2,936.95 2496.7,847.65 2500\
,846 2551.5,820.64 2574.6,849.31 2628,828 2642.2,822.33 2641.7,813.35 2656,808 2735,778.46 2765.1,817.21 2845,790 2889.2,774.93\
 2905.6,771.1 2934,734 2966.2,691.92 2928,653.59 2969,620 3000.1,594.53 3110.6,613.83 3149,602 3153.8,600.54 3410.2,460.5 3499.6\
,411.61"];
	1 -> 11 [color=blue, pos="e,3566.2,506.27 2155.1,1145 2220.5,1140 2385.3,1126.2 2438,1110 2444.5,1108 2870.8,888.44 2876,884 2892,870.39 2886.2,857.12 2904\
,846 2941.6,822.53 2960,841.93 3002,828 3003.1,827.62 3078,790.68 3079,790 3084.6,786.08 3250.8,622.77 3257,620 3307.3,597.68 3456.7\
,630.08 3504,602 3538.6,581.49 3530.9,559.54 3553,526 3555.4,522.36 3558,518.53 3560.5,514.78"];
	1 -> 10 [color=blue, pos="e,3557.6,598.89 2155.3,1146.7 2252.4,1145.5 2580.7,1139.4 2681,1110 2756.2,1088 2919.6,974.43 2990,940 3046.5,912.36 3066.9,917.7\
 3120,884 3141.5,870.34 3141.8,860.11 3163,846 3195.5,824.45 3205.1,820.4 3242,808 3280.3,795.15 3294.5,807.25 3331,790 3354.8,\
778.72 3495.4,657.6 3515,640 3527,629.24 3539.9,616.73 3550.4,606.17"];
	1 -> 9 [color=blue, pos="e,2546.6,693.13 2143.3,1130.8 2149,1124.5 2155.5,1117.1 2161,1110 2216.7,1038.1 2213.8,1007.3 2275,940 2283.5,930.65 2287.2,930.02\
 2297,922 2338,888.32 2341.8,870.15 2389,846 2417.2,831.57 2427.9,837.85 2458,828 2479.8,820.87 2540.4,808.5 2554,790 2574,762.72\
 2568.2,746.25 2558,714 2556.7,709.79 2554.7,705.64 2552.4,701.74"];
	1 -> 8 [color=blue, pos="e,3404.2,787.27 2155.3,1146.7 2286.7,1144.8 2852,1135.6 2926,1110 2940.5,1105 2940.8,1097.8 2954,1090 3054.1,1031.1 3093.5,1042.5\
 3190,978 3274.1,921.78 3358.7,835.87 3397.4,794.66"];
	1 -> 5 [color=blue, pos="e,2095.9,883.6 2117,1129.2 2102.6,1104.7 2078.2,1058.9 2069,1016 2064,992.92 2081.5,930.23 2092.9,893.29"];
	1 -> 7 [color=blue, pos="e,1731.1,966.18 2101.2,1143.3 2058.7,1137.2 1978.1,1124.1 1953,1110 1912.4,1087.3 1919.2,1060.6 1881,1034 1836.8,1003.2 1777.8,981.17\
 1740.9,969.27"];
	1 -> 4 [color=blue, pos="e,3158.9,1066 2155.4,1146.9 2303.6,1146.2 3004.1,1141.1 3095,1110 3109.5,1105.1 3110.4,1098.7 3123,1090 3131.9,1083.9 3141.6,1077.4\
 3150.4,1071.6"];
	1 -> 3 [color=blue, pos="e,3805.7,1240 2155.3,1147.1 2304,1147.8 3013.9,1152.6 3106,1184 3120.5,1188.9 3119.6,1198.9 3134,1204 3165.4,1215 3654.8,1234.3 \
3795.5,1239.6"];
	1 -> 0 [color=red, pos="e,2128,1409.6 2128,1166.1 2128,1214.4 2128,1341.3 2128,1399.3"];
	1 -> 0 [color=red, pos="e,2135.1,1410.5 2135.1,1165.6 2143.1,1213.7 2143.6,1342.5 2136.6,1400.2"];
}
